{"/home/travis/build/npmtest/node-npmtest-xtemplate/test.js":{"path":"/home/travis/build/npmtest/node-npmtest-xtemplate/test.js","s":{"1":2,"2":2,"3":2,"4":2,"5":2,"6":2,"7":2,"8":1,"9":2,"10":2,"11":1,"12":1,"13":1,"14":1,"15":2,"16":2,"17":2,"18":2,"19":1,"20":1,"21":2,"22":2,"23":2,"24":1,"25":1,"26":1,"27":1,"28":1,"29":1,"30":1,"31":1,"32":1,"33":1,"34":1,"35":1,"36":1,"37":1,"38":1,"39":2,"40":2,"41":1,"42":2,"43":2,"44":1,"45":2,"46":2,"47":1,"48":2,"49":2,"50":1,"51":1,"52":1,"53":1,"54":1},"b":{"1":[2,1,1,1],"2":[1,1,1,1],"3":[1,1],"4":[1,1],"5":[1,1],"6":[1,1],"7":[1,1],"8":[1,1],"9":[1,1],"10":[1,1,1],"11":[1,1],"12":[1,1],"13":[1,1],"14":[1,1],"15":[1,1],"16":[1,1],"17":[1,1]},"f":{"1":2,"2":2,"3":2,"4":2,"5":2,"6":1,"7":1,"8":1,"9":2,"10":2,"11":2,"12":2,"13":1},"fnMap":{"1":{"name":"(anonymous_1)","line":12,"loc":{"start":{"line":12,"column":1},"end":{"line":12,"column":13}}},"2":{"name":"(anonymous_2)","line":19,"loc":{"start":{"line":19,"column":5},"end":{"line":19,"column":17}}},"3":{"name":"(anonymous_3)","line":23,"loc":{"start":{"line":23,"column":24},"end":{"line":23,"column":36}}},"4":{"name":"(anonymous_4)","line":61,"loc":{"start":{"line":61,"column":5},"end":{"line":61,"column":17}}},"5":{"name":"(anonymous_5)","line":82,"loc":{"start":{"line":82,"column":5},"end":{"line":82,"column":17}}},"6":{"name":"(anonymous_6)","line":91,"loc":{"start":{"line":91,"column":77},"end":{"line":94,"column":10}}},"7":{"name":"(anonymous_7)","line":112,"loc":{"start":{"line":112,"column":83},"end":{"line":115,"column":10}},"skip":true},"8":{"name":"(anonymous_8)","line":123,"loc":{"start":{"line":123,"column":77},"end":{"line":126,"column":10}},"skip":true},"9":{"name":"(anonymous_9)","line":139,"loc":{"start":{"line":139,"column":12},"end":{"line":139,"column":40}},"skip":true},"10":{"name":"(anonymous_10)","line":147,"loc":{"start":{"line":147,"column":77},"end":{"line":150,"column":10}},"skip":true},"11":{"name":"(anonymous_11)","line":158,"loc":{"start":{"line":158,"column":83},"end":{"line":161,"column":10}},"skip":true},"12":{"name":"(anonymous_12)","line":169,"loc":{"start":{"line":169,"column":79},"end":{"line":172,"column":10}},"skip":true},"13":{"name":"(anonymous_13)","line":180,"loc":{"start":{"line":180,"column":75},"end":{"line":183,"column":10}},"skip":true}},"statementMap":{"1":{"start":{"line":12,"column":0},"end":{"line":195,"column":5}},"2":{"start":{"line":14,"column":4},"end":{"line":14,"column":14}},"3":{"start":{"line":19,"column":4},"end":{"line":56,"column":9}},"4":{"start":{"line":21,"column":8},"end":{"line":21,"column":19}},"5":{"start":{"line":23,"column":8},"end":{"line":35,"column":13}},"6":{"start":{"line":24,"column":12},"end":{"line":34,"column":13}},"7":{"start":{"line":25,"column":16},"end":{"line":28,"column":30}},"8":{"start":{"line":30,"column":16},"end":{"line":33,"column":27}},"9":{"start":{"line":37,"column":8},"end":{"line":39,"column":21}},"10":{"start":{"line":40,"column":8},"end":{"line":53,"column":9}},"11":{"start":{"line":43,"column":12},"end":{"line":46,"column":14}},"12":{"start":{"line":47,"column":12},"end":{"line":47,"column":18}},"13":{"start":{"line":50,"column":12},"end":{"line":51,"column":33}},"14":{"start":{"line":52,"column":12},"end":{"line":52,"column":18}},"15":{"start":{"line":55,"column":8},"end":{"line":55,"column":35}},"16":{"start":{"line":61,"column":4},"end":{"line":63,"column":9}},"17":{"start":{"line":62,"column":8},"end":{"line":62,"column":15}},"18":{"start":{"line":64,"column":4},"end":{"line":77,"column":5}},"19":{"start":{"line":70,"column":8},"end":{"line":70,"column":14}},"20":{"start":{"line":76,"column":8},"end":{"line":76,"column":14}},"21":{"start":{"line":82,"column":4},"end":{"line":84,"column":9}},"22":{"start":{"line":83,"column":8},"end":{"line":83,"column":15}},"23":{"start":{"line":85,"column":4},"end":{"line":194,"column":5}},"24":{"start":{"line":91,"column":8},"end":{"line":99,"column":10}},"25":{"start":{"line":98,"column":12},"end":{"line":98,"column":35}},"26":{"start":{"line":102,"column":8},"end":{"line":104,"column":63}},"27":{"start":{"line":105,"column":8},"end":{"line":105,"column":14}},"28":{"start":{"line":112,"column":8},"end":{"line":121,"column":10},"skip":true},"29":{"start":{"line":119,"column":12},"end":{"line":119,"column":55},"skip":true},"30":{"start":{"line":120,"column":12},"end":{"line":120,"column":48},"skip":true},"31":{"start":{"line":123,"column":8},"end":{"line":136,"column":10},"skip":true},"32":{"start":{"line":130,"column":12},"end":{"line":130,"column":76},"skip":true},"33":{"start":{"line":131,"column":12},"end":{"line":131,"column":73},"skip":true},"34":{"start":{"line":132,"column":12},"end":{"line":132,"column":74},"skip":true},"35":{"start":{"line":133,"column":12},"end":{"line":133,"column":79},"skip":true},"36":{"start":{"line":134,"column":12},"end":{"line":134,"column":25},"skip":true},"37":{"start":{"line":135,"column":12},"end":{"line":135,"column":45},"skip":true},"38":{"start":{"line":138,"column":8},"end":{"line":145,"column":14},"skip":true},"39":{"start":{"line":143,"column":16},"end":{"line":143,"column":29},"skip":true},"40":{"start":{"line":144,"column":16},"end":{"line":144,"column":55},"skip":true},"41":{"start":{"line":147,"column":8},"end":{"line":156,"column":10},"skip":true},"42":{"start":{"line":154,"column":12},"end":{"line":154,"column":25},"skip":true},"43":{"start":{"line":155,"column":12},"end":{"line":155,"column":45},"skip":true},"44":{"start":{"line":158,"column":8},"end":{"line":167,"column":10},"skip":true},"45":{"start":{"line":165,"column":12},"end":{"line":165,"column":25},"skip":true},"46":{"start":{"line":166,"column":12},"end":{"line":166,"column":48},"skip":true},"47":{"start":{"line":169,"column":8},"end":{"line":178,"column":10},"skip":true},"48":{"start":{"line":176,"column":12},"end":{"line":176,"column":25},"skip":true},"49":{"start":{"line":177,"column":12},"end":{"line":177,"column":46},"skip":true},"50":{"start":{"line":180,"column":8},"end":{"line":189,"column":10},"skip":true},"51":{"start":{"line":187,"column":12},"end":{"line":187,"column":94},"skip":true},"52":{"start":{"line":188,"column":12},"end":{"line":188,"column":48},"skip":true},"53":{"start":{"line":192,"column":8},"end":{"line":192,"column":35},"skip":true},"54":{"start":{"line":193,"column":8},"end":{"line":193,"column":14},"skip":true}},"branchMap":{"1":{"line":25,"type":"binary-expr","locations":[{"start":{"line":25,"column":23},"end":{"line":25,"column":62}},{"start":{"line":26,"column":20},"end":{"line":26,"column":70}},{"start":{"line":27,"column":20},"end":{"line":27,"column":71}},{"start":{"line":28,"column":20},"end":{"line":28,"column":29}}]},"2":{"line":30,"type":"binary-expr","locations":[{"start":{"line":30,"column":23},"end":{"line":30,"column":37}},{"start":{"line":31,"column":20},"end":{"line":31,"column":61}},{"start":{"line":32,"column":20},"end":{"line":32,"column":70}},{"start":{"line":33,"column":20},"end":{"line":33,"column":26}}]},"3":{"line":37,"type":"cond-expr","locations":[{"start":{"line":38,"column":14},"end":{"line":38,"column":20}},{"start":{"line":39,"column":14},"end":{"line":39,"column":20}}]},"4":{"line":40,"type":"switch","locations":[{"start":{"line":42,"column":8},"end":{"line":47,"column":18}},{"start":{"line":49,"column":8},"end":{"line":52,"column":18}}]},"5":{"line":44,"type":"binary-expr","locations":[{"start":{"line":44,"column":16},"end":{"line":44,"column":44}},{"start":{"line":44,"column":48},"end":{"line":44,"column":66}}]},"6":{"line":50,"type":"binary-expr","locations":[{"start":{"line":50,"column":21},"end":{"line":50,"column":49}},{"start":{"line":50,"column":53},"end":{"line":50,"column":72}}]},"7":{"line":64,"type":"switch","locations":[{"start":{"line":69,"column":4},"end":{"line":70,"column":14}},{"start":{"line":75,"column":4},"end":{"line":76,"column":14}}]},"8":{"line":85,"type":"switch","locations":[{"start":{"line":90,"column":4},"end":{"line":105,"column":14}},{"start":{"line":111,"column":4},"end":{"line":193,"column":14},"skip":true}]},"9":{"line":91,"type":"binary-expr","locations":[{"start":{"line":91,"column":42},"end":{"line":91,"column":73}},{"start":{"line":91,"column":77},"end":{"line":99,"column":9}}]},"10":{"line":102,"type":"binary-expr","locations":[{"start":{"line":102,"column":18},"end":{"line":102,"column":32}},{"start":{"line":103,"column":12},"end":{"line":103,"column":53}},{"start":{"line":104,"column":12},"end":{"line":104,"column":61}}]},"11":{"line":112,"type":"binary-expr","locations":[{"start":{"line":112,"column":45},"end":{"line":112,"column":79},"skip":true},{"start":{"line":112,"column":83},"end":{"line":121,"column":9},"skip":true}]},"12":{"line":123,"type":"binary-expr","locations":[{"start":{"line":123,"column":42},"end":{"line":123,"column":73},"skip":true},{"start":{"line":123,"column":77},"end":{"line":136,"column":9},"skip":true}]},"13":{"line":138,"type":"binary-expr","locations":[{"start":{"line":138,"column":48},"end":{"line":138,"column":85},"skip":true},{"start":{"line":139,"column":12},"end":{"line":145,"column":13},"skip":true}]},"14":{"line":147,"type":"binary-expr","locations":[{"start":{"line":147,"column":42},"end":{"line":147,"column":73},"skip":true},{"start":{"line":147,"column":77},"end":{"line":156,"column":9},"skip":true}]},"15":{"line":158,"type":"binary-expr","locations":[{"start":{"line":158,"column":45},"end":{"line":158,"column":79},"skip":true},{"start":{"line":158,"column":83},"end":{"line":167,"column":9},"skip":true}]},"16":{"line":169,"type":"binary-expr","locations":[{"start":{"line":169,"column":43},"end":{"line":169,"column":75},"skip":true},{"start":{"line":169,"column":79},"end":{"line":178,"column":9},"skip":true}]},"17":{"line":180,"type":"binary-expr","locations":[{"start":{"line":180,"column":41},"end":{"line":180,"column":71},"skip":true},{"start":{"line":180,"column":75},"end":{"line":189,"column":9},"skip":true}]}},"code":["/* istanbul instrument in package npmtest_xtemplate */","/*jslint","    bitwise: true,","    browser: true,","    maxerr: 8,","    maxlen: 96,","    node: true,","    nomen: true,","    regexp: true,","    stupid: true","*/","(function () {","    'use strict';","    var local;","","","","    // run shared js-env code - pre-init","    (function () {","        // init local","        local = {};","        // init modeJs","        local.modeJs = (function () {","            try {","                return typeof navigator.userAgent === 'string' &&","                    typeof document.querySelector('body') === 'object' &&","                    typeof XMLHttpRequest.prototype.open === 'function' &&","                    'browser';","            } catch (errorCaughtBrowser) {","                return module.exports &&","                    typeof process.versions.node === 'string' &&","                    typeof require('http').createServer === 'function' &&","                    'node';","            }","        }());","        // init global","        local.global = local.modeJs === 'browser'","            ? window","            : global;","        switch (local.modeJs) {","        // re-init local from window.local","        case 'browser':","            local = local.global.utility2.objectSetDefault(","                local.global.utility2_rollup || local.global.local,","                local.global.utility2","            );","            break;","        // re-init local from example.js","        case 'node':","            local = (local.global.utility2_rollup || require('utility2'))","                .requireReadme();","            break;","        }","        // export local","        local.global.local = local;","    }());","","","","    // run shared js-env code - function","    (function () {","        return;","    }());","    switch (local.modeJs) {","","","","    // run browser js-env code - function","    case 'browser':","        break;","","","","    // run node js-env code - function","    case 'node':","        break;","    }","","","","    // run shared js-env code - post-init","    (function () {","        return;","    }());","    switch (local.modeJs) {","","","","    // run browser js-env code - post-init","    case 'browser':","        local.testCase_browser_nullCase = local.testCase_browser_nullCase || function (","            options,","            onError","        ) {","        /*","         * this function will test browsers's null-case handling-behavior-behavior","         */","            onError(null, options);","        };","","        // run tests","        local.nop(local.modeTest &&","            document.querySelector('#testRunButton1') &&","            document.querySelector('#testRunButton1').click());","        break;","","","","    // run node js-env code - post-init","    /* istanbul ignore next */","    case 'node':","        local.testCase_buildApidoc_default = local.testCase_buildApidoc_default || function (","            options,","            onError","        ) {","        /*","         * this function will test buildApidoc's default handling-behavior-behavior","         */","            options = { modulePathList: module.paths };","            local.buildApidoc(options, onError);","        };","","        local.testCase_buildApp_default = local.testCase_buildApp_default || function (","            options,","            onError","        ) {","        /*","         * this function will test buildApp's default handling-behavior-behavior","         */","            local.testCase_buildReadme_default(options, local.onErrorThrow);","            local.testCase_buildLib_default(options, local.onErrorThrow);","            local.testCase_buildTest_default(options, local.onErrorThrow);","            local.testCase_buildCustomOrg_default(options, local.onErrorThrow);","            options = [];","            local.buildApp(options, onError);","        };","","        local.testCase_buildCustomOrg_default = local.testCase_buildCustomOrg_default ||","            function (options, onError) {","            /*","             * this function will test buildCustomOrg's default handling-behavior","             */","                options = {};","                local.buildCustomOrg(options, onError);","            };","","        local.testCase_buildLib_default = local.testCase_buildLib_default || function (","            options,","            onError","        ) {","        /*","         * this function will test buildLib's default handling-behavior","         */","            options = {};","            local.buildLib(options, onError);","        };","","        local.testCase_buildReadme_default = local.testCase_buildReadme_default || function (","            options,","            onError","        ) {","        /*","         * this function will test buildReadme's default handling-behavior-behavior","         */","            options = {};","            local.buildReadme(options, onError);","        };","","        local.testCase_buildTest_default = local.testCase_buildTest_default || function (","            options,","            onError","        ) {","        /*","         * this function will test buildTest's default handling-behavior","         */","            options = {};","            local.buildTest(options, onError);","        };","","        local.testCase_webpage_default = local.testCase_webpage_default || function (","            options,","            onError","        ) {","        /*","         * this function will test webpage's default handling-behavior","         */","            options = { modeCoverageMerge: true, url: local.serverLocalHost + '?modeTest=1' };","            local.browserTest(options, onError);","        };","","        // run test-server","        local.testRunServer(local);","        break;","    }","}());",""],"l":{"12":2,"14":2,"19":2,"21":2,"23":2,"24":2,"25":2,"30":1,"37":2,"40":2,"43":1,"47":1,"50":1,"52":1,"55":2,"61":2,"62":2,"64":2,"70":1,"76":1,"82":2,"83":2,"85":2,"91":1,"98":1,"102":1,"105":1,"112":1,"119":1,"120":1,"123":1,"130":1,"131":1,"132":1,"133":1,"134":1,"135":1,"138":1,"143":2,"144":2,"147":1,"154":2,"155":2,"158":1,"165":2,"166":2,"169":1,"176":2,"177":2,"180":1,"187":1,"188":1,"192":1,"193":1}},"/home/travis/build/npmtest/node-npmtest-xtemplate/lib.npmtest_xtemplate.js":{"path":"/home/travis/build/npmtest/node-npmtest-xtemplate/lib.npmtest_xtemplate.js","s":{"1":2,"2":2,"3":2,"4":2,"5":2,"6":2,"7":2,"8":1,"9":2,"10":2,"11":2,"12":2,"13":1,"14":1,"15":1,"16":1},"b":{"1":[2,1,1,1],"2":[1,1,1,1],"3":[1,1],"4":[2,2],"5":[1,1]},"f":{"1":2,"2":2,"3":2},"fnMap":{"1":{"name":"(anonymous_1)","line":12,"loc":{"start":{"line":12,"column":1},"end":{"line":12,"column":13}}},"2":{"name":"(anonymous_2)","line":19,"loc":{"start":{"line":19,"column":5},"end":{"line":19,"column":17}}},"3":{"name":"(anonymous_3)","line":23,"loc":{"start":{"line":23,"column":24},"end":{"line":23,"column":36}}}},"statementMap":{"1":{"start":{"line":12,"column":0},"end":{"line":53,"column":5}},"2":{"start":{"line":14,"column":4},"end":{"line":14,"column":14}},"3":{"start":{"line":19,"column":4},"end":{"line":52,"column":9}},"4":{"start":{"line":21,"column":8},"end":{"line":21,"column":19}},"5":{"start":{"line":23,"column":8},"end":{"line":35,"column":13}},"6":{"start":{"line":24,"column":12},"end":{"line":34,"column":13}},"7":{"start":{"line":25,"column":16},"end":{"line":28,"column":30}},"8":{"start":{"line":30,"column":16},"end":{"line":33,"column":27}},"9":{"start":{"line":37,"column":8},"end":{"line":39,"column":21}},"10":{"start":{"line":41,"column":8},"end":{"line":41,"column":54}},"11":{"start":{"line":43,"column":8},"end":{"line":43,"column":54}},"12":{"start":{"line":45,"column":8},"end":{"line":51,"column":9}},"13":{"start":{"line":46,"column":12},"end":{"line":46,"column":60}},"14":{"start":{"line":48,"column":12},"end":{"line":48,"column":35}},"15":{"start":{"line":49,"column":12},"end":{"line":49,"column":49}},"16":{"start":{"line":50,"column":12},"end":{"line":50,"column":43}}},"branchMap":{"1":{"line":25,"type":"binary-expr","locations":[{"start":{"line":25,"column":23},"end":{"line":25,"column":62}},{"start":{"line":26,"column":20},"end":{"line":26,"column":70}},{"start":{"line":27,"column":20},"end":{"line":27,"column":71}},{"start":{"line":28,"column":20},"end":{"line":28,"column":29}}]},"2":{"line":30,"type":"binary-expr","locations":[{"start":{"line":30,"column":23},"end":{"line":30,"column":37}},{"start":{"line":31,"column":20},"end":{"line":31,"column":61}},{"start":{"line":32,"column":20},"end":{"line":32,"column":70}},{"start":{"line":33,"column":20},"end":{"line":33,"column":26}}]},"3":{"line":37,"type":"cond-expr","locations":[{"start":{"line":38,"column":14},"end":{"line":38,"column":20}},{"start":{"line":39,"column":14},"end":{"line":39,"column":20}}]},"4":{"line":41,"type":"binary-expr","locations":[{"start":{"line":41,"column":16},"end":{"line":41,"column":44}},{"start":{"line":41,"column":48},"end":{"line":41,"column":53}}]},"5":{"line":45,"type":"if","locations":[{"start":{"line":45,"column":8},"end":{"line":45,"column":8}},{"start":{"line":45,"column":8},"end":{"line":45,"column":8}}]}},"code":["/* istanbul instrument in package npmtest_xtemplate */","/*jslint","    bitwise: true,","    browser: true,","    maxerr: 8,","    maxlen: 96,","    node: true,","    nomen: true,","    regexp: true,","    stupid: true","*/","(function () {","    'use strict';","    var local;","","","","    // run shared js-env code - pre-init","    (function () {","        // init local","        local = {};","        // init modeJs","        local.modeJs = (function () {","            try {","                return typeof navigator.userAgent === 'string' &&","                    typeof document.querySelector('body') === 'object' &&","                    typeof XMLHttpRequest.prototype.open === 'function' &&","                    'browser';","            } catch (errorCaughtBrowser) {","                return module.exports &&","                    typeof process.versions.node === 'string' &&","                    typeof require('http').createServer === 'function' &&","                    'node';","            }","        }());","        // init global","        local.global = local.modeJs === 'browser'","            ? window","            : global;","        // init utility2_rollup","        local = local.global.utility2_rollup || local;","        // init lib","        local.local = local.npmtest_xtemplate = local;","        // init exports","        if (local.modeJs === 'browser') {","            local.global.utility2_npmtest_xtemplate = local;","        } else {","            module.exports = local;","            module.exports.__dirname = __dirname;","            module.exports.module = module;","        }","    }());","}());",""],"l":{"12":2,"14":2,"19":2,"21":2,"23":2,"24":2,"25":2,"30":1,"37":2,"41":2,"43":2,"45":2,"46":1,"48":1,"49":1,"50":1}},"/home/travis/build/npmtest/node-npmtest-xtemplate/example.js":{"path":"/home/travis/build/npmtest/node-npmtest-xtemplate/example.js","s":{"1":2,"2":2,"3":2,"4":2,"5":2,"6":2,"7":2,"8":1,"9":2,"10":2,"11":2,"12":2,"13":1,"14":2,"15":2,"16":2,"17":2,"18":2,"19":0,"20":2,"21":1,"22":1,"23":1,"24":1,"25":1,"26":0,"27":0,"28":1,"29":1,"30":2,"31":0,"32":0,"33":0,"34":1,"35":2,"36":2,"37":3,"38":3,"39":3,"40":3,"41":0,"42":3,"43":3,"44":3,"45":1,"46":3,"47":1,"48":1,"49":1,"50":1,"51":1,"52":1,"53":1,"54":1,"55":1,"56":1,"57":0,"58":1,"59":6,"60":6,"61":1,"62":2,"63":0,"64":2,"65":1,"66":1,"67":0,"68":0,"69":0,"70":0,"71":0,"72":0,"73":0,"74":0,"75":0,"76":0,"77":0,"78":0,"79":0,"80":0,"81":0,"82":0,"83":0},"b":{"1":[2,1,1,1],"2":[1,1,1,1],"3":[1,1],"4":[2,2],"5":[1,1],"6":[1,1],"7":[2,0],"8":[2,1,1,1,1,1],"9":[0,2,0],"10":[1,1],"11":[2,1,1],"12":[1,0],"13":[0,2],"14":[2,0,0,0,0,0,0],"15":[0,3],"16":[3,0],"17":[1,1],"18":[0,1],"19":[1,2,0,2],"20":[1,0],"21":[1,1],"22":[0,0],"23":[0,0],"24":[0,0],"25":[0,0],"26":[0,0],"27":[0,0],"28":[0,0]},"f":{"1":2,"2":2,"3":2,"4":2,"5":2,"6":2,"7":3,"8":3,"9":3,"10":1,"11":6,"12":0},"fnMap":{"1":{"name":"(anonymous_1)","line":26,"loc":{"start":{"line":26,"column":1},"end":{"line":26,"column":13}}},"2":{"name":"(anonymous_2)","line":33,"loc":{"start":{"line":33,"column":5},"end":{"line":33,"column":17}}},"3":{"name":"(anonymous_3)","line":37,"loc":{"start":{"line":37,"column":24},"end":{"line":37,"column":36}}},"4":{"name":"(anonymous_4)","line":69,"loc":{"start":{"line":69,"column":31},"end":{"line":69,"column":48}},"skip":true},"5":{"name":"(anonymous_5)","line":78,"loc":{"start":{"line":78,"column":26},"end":{"line":78,"column":45}},"skip":true},"6":{"name":"(anonymous_6)","line":123,"loc":{"start":{"line":123,"column":33},"end":{"line":123,"column":48}},"skip":true},"7":{"name":"(anonymous_7)","line":125,"loc":{"start":{"line":125,"column":27},"end":{"line":125,"column":39}},"skip":true},"8":{"name":"(anonymous_8)","line":133,"loc":{"start":{"line":133,"column":59},"end":{"line":133,"column":74}},"skip":true},"9":{"name":"(anonymous_9)","line":143,"loc":{"start":{"line":143,"column":45},"end":{"line":143,"column":62}},"skip":true},"10":{"name":"(anonymous_10)","line":144,"loc":{"start":{"line":144,"column":73},"end":{"line":144,"column":92}},"skip":true},"11":{"name":"(anonymous_11)","line":272,"loc":{"start":{"line":272,"column":51},"end":{"line":272,"column":77}},"skip":true},"12":{"name":"(anonymous_12)","line":315,"loc":{"start":{"line":315,"column":32},"end":{"line":315,"column":61}},"skip":true}},"statementMap":{"1":{"start":{"line":26,"column":0},"end":{"line":326,"column":5}},"2":{"start":{"line":28,"column":4},"end":{"line":28,"column":14}},"3":{"start":{"line":33,"column":4},"end":{"line":60,"column":9}},"4":{"start":{"line":35,"column":8},"end":{"line":35,"column":19}},"5":{"start":{"line":37,"column":8},"end":{"line":49,"column":13}},"6":{"start":{"line":38,"column":12},"end":{"line":48,"column":13}},"7":{"start":{"line":39,"column":16},"end":{"line":42,"column":30}},"8":{"start":{"line":44,"column":16},"end":{"line":47,"column":27}},"9":{"start":{"line":51,"column":8},"end":{"line":53,"column":21}},"10":{"start":{"line":55,"column":8},"end":{"line":57,"column":45}},"11":{"start":{"line":59,"column":8},"end":{"line":59,"column":35}},"12":{"start":{"line":61,"column":4},"end":{"line":325,"column":5}},"13":{"start":{"line":69,"column":8},"end":{"line":121,"column":10},"skip":true},"14":{"start":{"line":70,"column":12},"end":{"line":88,"column":13},"skip":true},"15":{"start":{"line":76,"column":16},"end":{"line":87,"column":19},"skip":true},"16":{"start":{"line":79,"column":20},"end":{"line":86,"column":21},"skip":true},"17":{"start":{"line":82,"column":24},"end":{"line":82,"column":43},"skip":true},"18":{"start":{"line":83,"column":24},"end":{"line":83,"column":30},"skip":true},"19":{"start":{"line":85,"column":24},"end":{"line":85,"column":49},"skip":true},"20":{"start":{"line":89,"column":12},"end":{"line":107,"column":13},"skip":true},"21":{"start":{"line":92,"column":16},"end":{"line":102,"column":17},"skip":true},"22":{"start":{"line":93,"column":20},"end":{"line":93,"column":86},"skip":true},"23":{"start":{"line":94,"column":20},"end":{"line":95,"column":45},"skip":true},"24":{"start":{"line":96,"column":20},"end":{"line":96,"column":42},"skip":true},"25":{"start":{"line":97,"column":20},"end":{"line":97,"column":48},"skip":true},"26":{"start":{"line":100,"column":20},"end":{"line":100,"column":85},"skip":true},"27":{"start":{"line":101,"column":20},"end":{"line":101,"column":96},"skip":true},"28":{"start":{"line":103,"column":16},"end":{"line":103,"column":22},"skip":true},"29":{"start":{"line":106,"column":16},"end":{"line":106,"column":22},"skip":true},"30":{"start":{"line":108,"column":12},"end":{"line":120,"column":13},"skip":true},"31":{"start":{"line":114,"column":16},"end":{"line":119,"column":17},"skip":true},"32":{"start":{"line":116,"column":20},"end":{"line":116,"column":78},"skip":true},"33":{"start":{"line":118,"column":20},"end":{"line":118,"column":47},"skip":true},"34":{"start":{"line":123,"column":8},"end":{"line":141,"column":11},"skip":true},"35":{"start":{"line":124,"column":12},"end":{"line":124,"column":54},"skip":true},"36":{"start":{"line":125,"column":12},"end":{"line":140,"column":14},"skip":true},"37":{"start":{"line":126,"column":16},"end":{"line":126,"column":28},"skip":true},"38":{"start":{"line":127,"column":16},"end":{"line":127,"column":69},"skip":true},"39":{"start":{"line":128,"column":16},"end":{"line":128,"column":75},"skip":true},"40":{"start":{"line":129,"column":16},"end":{"line":131,"column":17},"skip":true},"41":{"start":{"line":130,"column":20},"end":{"line":130,"column":27},"skip":true},"42":{"start":{"line":133,"column":16},"end":{"line":137,"column":36},"skip":true},"43":{"start":{"line":134,"column":20},"end":{"line":136,"column":55},"skip":true},"44":{"start":{"line":139,"column":16},"end":{"line":139,"column":57},"skip":true},"45":{"start":{"line":143,"column":8},"end":{"line":147,"column":11},"skip":true},"46":{"start":{"line":144,"column":12},"end":{"line":146,"column":15},"skip":true},"47":{"start":{"line":145,"column":16},"end":{"line":145,"column":70},"skip":true},"48":{"start":{"line":149,"column":8},"end":{"line":149,"column":31},"skip":true},"49":{"start":{"line":150,"column":8},"end":{"line":150,"column":14},"skip":true},"50":{"start":{"line":158,"column":8},"end":{"line":158,"column":31},"skip":true},"51":{"start":{"line":160,"column":8},"end":{"line":160,"column":33},"skip":true},"52":{"start":{"line":161,"column":8},"end":{"line":161,"column":37},"skip":true},"53":{"start":{"line":162,"column":8},"end":{"line":162,"column":35},"skip":true},"54":{"start":{"line":164,"column":8},"end":{"line":164,"column":50},"skip":true},"55":{"start":{"line":166,"column":8},"end":{"line":256,"column":2},"skip":true},"56":{"start":{"line":258,"column":8},"end":{"line":286,"column":9},"skip":true},"57":{"start":{"line":259,"column":12},"end":{"line":269,"column":14},"skip":true},"58":{"start":{"line":271,"column":12},"end":{"line":285,"column":19},"skip":true},"59":{"start":{"line":274,"column":20},"end":{"line":274,"column":35},"skip":true},"60":{"start":{"line":275,"column":20},"end":{"line":284,"column":21},"skip":true},"61":{"start":{"line":277,"column":24},"end":{"line":277,"column":64},"skip":true},"62":{"start":{"line":279,"column":24},"end":{"line":279,"column":40},"skip":true},"63":{"start":{"line":281,"column":24},"end":{"line":281,"column":40},"skip":true},"64":{"start":{"line":283,"column":24},"end":{"line":283,"column":39},"skip":true},"65":{"start":{"line":288,"column":8},"end":{"line":290,"column":9},"skip":true},"66":{"start":{"line":289,"column":12},"end":{"line":289,"column":18},"skip":true},"67":{"start":{"line":291,"column":8},"end":{"line":293,"column":54},"skip":true},"68":{"start":{"line":296,"column":8},"end":{"line":301,"column":37},"skip":true},"69":{"start":{"line":303,"column":8},"end":{"line":303,"column":82},"skip":true},"70":{"start":{"line":306,"column":8},"end":{"line":308,"column":9},"skip":true},"71":{"start":{"line":307,"column":12},"end":{"line":307,"column":82},"skip":true},"72":{"start":{"line":310,"column":8},"end":{"line":312,"column":9},"skip":true},"73":{"start":{"line":311,"column":12},"end":{"line":311,"column":18},"skip":true},"74":{"start":{"line":313,"column":8},"end":{"line":313,"column":54},"skip":true},"75":{"start":{"line":314,"column":8},"end":{"line":314,"column":69},"skip":true},"76":{"start":{"line":315,"column":8},"end":{"line":323,"column":36},"skip":true},"77":{"start":{"line":316,"column":12},"end":{"line":316,"column":61},"skip":true},"78":{"start":{"line":317,"column":12},"end":{"line":320,"column":13},"skip":true},"79":{"start":{"line":318,"column":16},"end":{"line":318,"column":75},"skip":true},"80":{"start":{"line":319,"column":16},"end":{"line":319,"column":23},"skip":true},"81":{"start":{"line":321,"column":12},"end":{"line":321,"column":38},"skip":true},"82":{"start":{"line":322,"column":12},"end":{"line":322,"column":27},"skip":true},"83":{"start":{"line":324,"column":8},"end":{"line":324,"column":14},"skip":true}},"branchMap":{"1":{"line":39,"type":"binary-expr","locations":[{"start":{"line":39,"column":23},"end":{"line":39,"column":62}},{"start":{"line":40,"column":20},"end":{"line":40,"column":70}},{"start":{"line":41,"column":20},"end":{"line":41,"column":71}},{"start":{"line":42,"column":20},"end":{"line":42,"column":29}}]},"2":{"line":44,"type":"binary-expr","locations":[{"start":{"line":44,"column":23},"end":{"line":44,"column":37}},{"start":{"line":45,"column":20},"end":{"line":45,"column":61}},{"start":{"line":46,"column":20},"end":{"line":46,"column":70}},{"start":{"line":47,"column":20},"end":{"line":47,"column":26}}]},"3":{"line":51,"type":"cond-expr","locations":[{"start":{"line":52,"column":14},"end":{"line":52,"column":20}},{"start":{"line":53,"column":14},"end":{"line":53,"column":20}}]},"4":{"line":55,"type":"binary-expr","locations":[{"start":{"line":55,"column":16},"end":{"line":55,"column":44}},{"start":{"line":55,"column":49},"end":{"line":57,"column":43}}]},"5":{"line":55,"type":"cond-expr","locations":[{"start":{"line":56,"column":14},"end":{"line":56,"column":53}},{"start":{"line":57,"column":14},"end":{"line":57,"column":43}}]},"6":{"line":61,"type":"switch","locations":[{"start":{"line":68,"column":4},"end":{"line":150,"column":14},"skip":true},{"start":{"line":156,"column":4},"end":{"line":324,"column":14},"skip":true}]},"7":{"line":70,"type":"if","locations":[{"start":{"line":70,"column":12},"end":{"line":70,"column":12},"skip":true},{"start":{"line":70,"column":12},"end":{"line":70,"column":12},"skip":true}]},"8":{"line":70,"type":"binary-expr","locations":[{"start":{"line":70,"column":16},"end":{"line":70,"column":22},"skip":true},{"start":{"line":70,"column":27},"end":{"line":70,"column":32},"skip":true},{"start":{"line":71,"column":20},"end":{"line":71,"column":39},"skip":true},{"start":{"line":72,"column":20},"end":{"line":72,"column":49},"skip":true},{"start":{"line":73,"column":20},"end":{"line":73,"column":58},"skip":true},{"start":{"line":74,"column":20},"end":{"line":74,"column":69},"skip":true}]},"9":{"line":79,"type":"switch","locations":[{"start":{"line":80,"column":20},"end":{"line":80,"column":33},"skip":true},{"start":{"line":81,"column":20},"end":{"line":83,"column":30},"skip":true},{"start":{"line":84,"column":20},"end":{"line":85,"column":49},"skip":true}]},"10":{"line":89,"type":"switch","locations":[{"start":{"line":90,"column":12},"end":{"line":103,"column":22},"skip":true},{"start":{"line":105,"column":12},"end":{"line":106,"column":22},"skip":true}]},"11":{"line":89,"type":"binary-expr","locations":[{"start":{"line":89,"column":20},"end":{"line":89,"column":25},"skip":true},{"start":{"line":89,"column":29},"end":{"line":89,"column":48},"skip":true},{"start":{"line":89,"column":52},"end":{"line":89,"column":74},"skip":true}]},"12":{"line":92,"type":"if","locations":[{"start":{"line":92,"column":16},"end":{"line":92,"column":16},"skip":true},{"start":{"line":92,"column":16},"end":{"line":92,"column":16},"skip":true}]},"13":{"line":108,"type":"if","locations":[{"start":{"line":108,"column":12},"end":{"line":108,"column":12},"skip":true},{"start":{"line":108,"column":12},"end":{"line":108,"column":12},"skip":true}]},"14":{"line":108,"type":"binary-expr","locations":[{"start":{"line":108,"column":16},"end":{"line":108,"column":61},"skip":true},{"start":{"line":108,"column":66},"end":{"line":108,"column":72},"skip":true},{"start":{"line":108,"column":77},"end":{"line":108,"column":82},"skip":true},{"start":{"line":109,"column":20},"end":{"line":109,"column":39},"skip":true},{"start":{"line":110,"column":20},"end":{"line":110,"column":49},"skip":true},{"start":{"line":111,"column":20},"end":{"line":111,"column":58},"skip":true},{"start":{"line":112,"column":20},"end":{"line":112,"column":68},"skip":true}]},"15":{"line":129,"type":"if","locations":[{"start":{"line":129,"column":16},"end":{"line":129,"column":16},"skip":true},{"start":{"line":129,"column":16},"end":{"line":129,"column":16},"skip":true}]},"16":{"line":134,"type":"cond-expr","locations":[{"start":{"line":135,"column":26},"end":{"line":135,"column":29},"skip":true},{"start":{"line":136,"column":26},"end":{"line":136,"column":54},"skip":true}]},"17":{"line":164,"type":"binary-expr","locations":[{"start":{"line":164,"column":27},"end":{"line":164,"column":43},"skip":true},{"start":{"line":164,"column":47},"end":{"line":164,"column":49},"skip":true}]},"18":{"line":258,"type":"if","locations":[{"start":{"line":258,"column":8},"end":{"line":258,"column":8},"skip":true},{"start":{"line":258,"column":8},"end":{"line":258,"column":8},"skip":true}]},"19":{"line":275,"type":"switch","locations":[{"start":{"line":276,"column":20},"end":{"line":277,"column":64},"skip":true},{"start":{"line":278,"column":20},"end":{"line":279,"column":40},"skip":true},{"start":{"line":280,"column":20},"end":{"line":281,"column":40},"skip":true},{"start":{"line":282,"column":20},"end":{"line":283,"column":39},"skip":true}]},"20":{"line":288,"type":"if","locations":[{"start":{"line":288,"column":8},"end":{"line":288,"column":8},"skip":true},{"start":{"line":288,"column":8},"end":{"line":288,"column":8},"skip":true}]},"21":{"line":288,"type":"binary-expr","locations":[{"start":{"line":288,"column":12},"end":{"line":288,"column":40},"skip":true},{"start":{"line":288,"column":44},"end":{"line":288,"column":67},"skip":true}]},"22":{"line":292,"type":"binary-expr","locations":[{"start":{"line":292,"column":12},"end":{"line":292,"column":50},"skip":true},{"start":{"line":293,"column":12},"end":{"line":293,"column":53},"skip":true}]},"23":{"line":297,"type":"binary-expr","locations":[{"start":{"line":297,"column":12},"end":{"line":297,"column":67},"skip":true},{"start":{"line":298,"column":12},"end":{"line":301,"column":36},"skip":true}]},"24":{"line":303,"type":"binary-expr","locations":[{"start":{"line":303,"column":43},"end":{"line":303,"column":75},"skip":true},{"start":{"line":303,"column":79},"end":{"line":303,"column":81},"skip":true}]},"25":{"line":306,"type":"if","locations":[{"start":{"line":306,"column":8},"end":{"line":306,"column":8},"skip":true},{"start":{"line":306,"column":8},"end":{"line":306,"column":8},"skip":true}]},"26":{"line":310,"type":"if","locations":[{"start":{"line":310,"column":8},"end":{"line":310,"column":8},"skip":true},{"start":{"line":310,"column":8},"end":{"line":310,"column":8},"skip":true}]},"27":{"line":313,"type":"binary-expr","locations":[{"start":{"line":313,"column":27},"end":{"line":313,"column":43},"skip":true},{"start":{"line":313,"column":47},"end":{"line":313,"column":53},"skip":true}]},"28":{"line":317,"type":"if","locations":[{"start":{"line":317,"column":12},"end":{"line":317,"column":12},"skip":true},{"start":{"line":317,"column":12},"end":{"line":317,"column":12},"skip":true}]}},"code":["/*","example.js","","quickstart example","","instruction","    1. save this script as example.js","    2. run the shell command:","        $ npm install npmtest-xtemplate && PORT=8081 node example.js","    3. play with the browser-demo on http://127.0.0.1:8081","*/","","","","/* istanbul instrument in package npmtest_xtemplate */","/*jslint","    bitwise: true,","    browser: true,","    maxerr: 8,","    maxlen: 96,","    node: true,","    nomen: true,","    regexp: true,","    stupid: true","*/","(function () {","    'use strict';","    var local;","","","","    // run shared js-env code - pre-init","    (function () {","        // init local","        local = {};","        // init modeJs","        local.modeJs = (function () {","            try {","                return typeof navigator.userAgent === 'string' &&","                    typeof document.querySelector('body') === 'object' &&","                    typeof XMLHttpRequest.prototype.open === 'function' &&","                    'browser';","            } catch (errorCaughtBrowser) {","                return module.exports &&","                    typeof process.versions.node === 'string' &&","                    typeof require('http').createServer === 'function' &&","                    'node';","            }","        }());","        // init global","        local.global = local.modeJs === 'browser'","            ? window","            : global;","        // init utility2_rollup","        local = local.global.utility2_rollup || (local.modeJs === 'browser'","            ? local.global.utility2_npmtest_xtemplate","            : global.utility2_moduleExports);","        // export local","        local.global.local = local;","    }());","    switch (local.modeJs) {","","","","    // post-init","    // run browser js-env code - post-init","    /* istanbul ignore next */","    case 'browser':","        local.testRunBrowser = function (event) {","            if (!event || (event &&","                    event.currentTarget &&","                    event.currentTarget.className &&","                    event.currentTarget.className.includes &&","                    event.currentTarget.className.includes('onreset'))) {","                // reset output","                Array.from(","                    document.querySelectorAll('body > .resettable')","                ).forEach(function (element) {","                    switch (element.tagName) {","                    case 'INPUT':","                    case 'TEXTAREA':","                        element.value = '';","                        break;","                    default:","                        element.textContent = '';","                    }","                });","            }","            switch (event && event.currentTarget && event.currentTarget.id) {","            case 'testRunButton1':","                // show tests","                if (document.querySelector('#testReportDiv1').style.display === 'none') {","                    document.querySelector('#testReportDiv1').style.display = 'block';","                    document.querySelector('#testRunButton1').textContent =","                        'hide internal test';","                    local.modeTest = true;","                    local.testRunDefault(local);","                // hide tests","                } else {","                    document.querySelector('#testReportDiv1').style.display = 'none';","                    document.querySelector('#testRunButton1').textContent = 'run internal test';","                }","                break;","            // custom-case","            default:","                break;","            }","            if (document.querySelector('#inputTextareaEval1') && (!event || (event &&","                    event.currentTarget &&","                    event.currentTarget.className &&","                    event.currentTarget.className.includes &&","                    event.currentTarget.className.includes('oneval')))) {","                // try to eval input-code","                try {","                    /*jslint evil: true*/","                    eval(document.querySelector('#inputTextareaEval1').value);","                } catch (errorCaught) {","                    console.error(errorCaught);","                }","            }","        };","        // log stderr and stdout to #outputTextareaStdout1","        ['error', 'log'].forEach(function (key) {","            console[key + '_original'] = console[key];","            console[key] = function () {","                var element;","                console[key + '_original'].apply(console, arguments);","                element = document.querySelector('#outputTextareaStdout1');","                if (!element) {","                    return;","                }","                // append text to #outputTextareaStdout1","                element.value += Array.from(arguments).map(function (arg) {","                    return typeof arg === 'string'","                        ? arg","                        : JSON.stringify(arg, null, 4);","                }).join(' ') + '\\n';","                // scroll textarea to bottom","                element.scrollTop = element.scrollHeight;","            };","        });","        // init event-handling","        ['change', 'click', 'keyup'].forEach(function (event) {","            Array.from(document.querySelectorAll('.on' + event)).forEach(function (element) {","                element.addEventListener(event, local.testRunBrowser);","            });","        });","        // run tests","        local.testRunBrowser();","        break;","","","","    // run node js-env code - post-init","    /* istanbul ignore next */","    case 'node':","        // export local","        module.exports = local;","        // require modules","        local.fs = require('fs');","        local.http = require('http');","        local.url = require('url');","        // init assets","        local.assetsDict = local.assetsDict || {};","        /* jslint-ignore-begin */","        local.assetsDict['/assets.index.template.html'] = '\\","<!doctype html>\\n\\","<html lang=\"en\">\\n\\","<head>\\n\\","<meta charset=\"UTF-8\">\\n\\","<meta name=\"viewport\" content=\"width=device-width, initial-scale=1\">\\n\\","<title>{{env.npm_package_name}} (v{{env.npm_package_version}})</title>\\n\\","<style>\\n\\","/*csslint\\n\\","    box-sizing: false,\\n\\","    universal-selector: false\\n\\","*/\\n\\","* {\\n\\","    box-sizing: border-box;\\n\\","}\\n\\","body {\\n\\","    background: #dde;\\n\\","    font-family: Arial, Helvetica, sans-serif;\\n\\","    margin: 2rem;\\n\\","}\\n\\","body > * {\\n\\","    margin-bottom: 1rem;\\n\\","}\\n\\",".utility2FooterDiv {\\n\\","    margin-top: 20px;\\n\\","    text-align: center;\\n\\","}\\n\\","</style>\\n\\","<style>\\n\\","/*csslint\\n\\","*/\\n\\","textarea {\\n\\","    font-family: monospace;\\n\\","    height: 10rem;\\n\\","    width: 100%;\\n\\","}\\n\\","textarea[readonly] {\\n\\","    background: #ddd;\\n\\","}\\n\\","</style>\\n\\","</head>\\n\\","<body>\\n\\","<!-- utility2-comment\\n\\","<div id=\"ajaxProgressDiv1\" style=\"background: #d00; height: 2px; left: 0; margin: 0; padding: 0; position: fixed; top: 0; transition: background 0.5s, width 1.5s; width: 25%;\"></div>\\n\\","utility2-comment -->\\n\\","<h1>\\n\\","<!-- utility2-comment\\n\\","    <a\\n\\","        {{#if env.npm_package_homepage}}\\n\\","        href=\"{{env.npm_package_homepage}}\"\\n\\","        {{/if env.npm_package_homepage}}\\n\\","        target=\"_blank\"\\n\\","    >\\n\\","utility2-comment -->\\n\\","        {{env.npm_package_name}} (v{{env.npm_package_version}})\\n\\","<!-- utility2-comment\\n\\","    </a>\\n\\","utility2-comment -->\\n\\","</h1>\\n\\","<h3>{{env.npm_package_description}}</h3>\\n\\","<!-- utility2-comment\\n\\","<h4><a download href=\"assets.app.js\">download standalone app</a></h4>\\n\\","<button class=\"onclick onreset\" id=\"testRunButton1\">run internal test</button><br>\\n\\","<div id=\"testReportDiv1\" style=\"display: none;\"></div>\\n\\","utility2-comment -->\\n\\","\\n\\","\\n\\","\\n\\","<label>stderr and stdout</label>\\n\\","<textarea class=\"resettable\" id=\"outputTextareaStdout1\" readonly></textarea>\\n\\","<!-- utility2-comment\\n\\","{{#if isRollup}}\\n\\","<script src=\"assets.app.js\"></script>\\n\\","{{#unless isRollup}}\\n\\","utility2-comment -->\\n\\","<script src=\"assets.utility2.rollup.js\"></script>\\n\\","<script src=\"jsonp.utility2._stateInit?callback=window.utility2._stateInit\"></script>\\n\\","<script src=\"assets.npmtest_xtemplate.rollup.js\"></script>\\n\\","<script src=\"assets.example.js\"></script>\\n\\","<script src=\"assets.test.js\"></script>\\n\\","<!-- utility2-comment\\n\\","{{/if isRollup}}\\n\\","utility2-comment -->\\n\\","<div class=\"utility2FooterDiv\">\\n\\","    [ this app was created with\\n\\","    <a href=\"https://github.com/kaizhu256/node-utility2\" target=\"_blank\">utility2</a>\\n\\","    ]\\n\\","</div>\\n\\","</body>\\n\\","</html>\\n\\","';","        /* jslint-ignore-end */","        if (local.templateRender) {","            local.assetsDict['/'] = local.templateRender(","                local.assetsDict['/assets.index.template.html'],","                {","                    env: local.objectSetDefault(local.env, {","                        npm_package_description: 'the greatest app in the world!',","                        npm_package_name: 'my-app',","                        npm_package_nameAlias: 'my_app',","                        npm_package_version: '0.0.1'","                    })","                }","            );","        } else {","            local.assetsDict['/'] = local.assetsDict['/assets.index.template.html']","                .replace((/\\{\\{env\\.(\\w+?)\\}\\}/g), function (match0, match1) {","                    // jslint-hack","                    String(match0);","                    switch (match1) {","                    case 'npm_package_description':","                        return 'the greatest app in the world!';","                    case 'npm_package_name':","                        return 'my-app';","                    case 'npm_package_nameAlias':","                        return 'my_app';","                    case 'npm_package_version':","                        return '0.0.1';","                    }","                });","        }","        // run the cli","        if (local.global.utility2_rollup || module !== require.main) {","            break;","        }","        local.assetsDict['/assets.example.js'] =","            local.assetsDict['/assets.example.js'] ||","            local.fs.readFileSync(__filename, 'utf8');","        // bug-workaround - long $npm_package_buildCustomOrg","        /* jslint-ignore-begin */","        local.assetsDict['/assets.npmtest_xtemplate.rollup.js'] =","            local.assetsDict['/assets.npmtest_xtemplate.rollup.js'] ||","            local.fs.readFileSync(","                local.npmtest_xtemplate.__dirname + '/lib.npmtest_xtemplate.js',","                'utf8'","            ).replace((/^#!/), '//');","        /* jslint-ignore-end */","        local.assetsDict['/favicon.ico'] = local.assetsDict['/favicon.ico'] || '';","        // if $npm_config_timeout_exit exists,","        // then exit this process after $npm_config_timeout_exit ms","        if (Number(process.env.npm_config_timeout_exit)) {","            setTimeout(process.exit, Number(process.env.npm_config_timeout_exit));","        }","        // start server","        if (local.global.utility2_serverHttp1) {","            break;","        }","        process.env.PORT = process.env.PORT || '8081';","        console.error('server starting on port ' + process.env.PORT);","        local.http.createServer(function (request, response) {","            request.urlParsed = local.url.parse(request.url);","            if (local.assetsDict[request.urlParsed.pathname] !== undefined) {","                response.end(local.assetsDict[request.urlParsed.pathname]);","                return;","            }","            response.statusCode = 404;","            response.end();","        }).listen(process.env.PORT);","        break;","    }","}());",""],"l":{"26":2,"28":2,"33":2,"35":2,"37":2,"38":2,"39":2,"44":1,"51":2,"55":2,"59":2,"61":2,"69":1,"70":2,"76":2,"79":2,"82":2,"83":2,"85":1,"89":2,"92":1,"93":1,"94":1,"96":1,"97":1,"100":1,"101":1,"103":1,"106":1,"108":2,"114":1,"116":1,"118":1,"123":1,"124":2,"125":2,"126":3,"127":3,"128":3,"129":3,"130":1,"133":3,"134":3,"139":3,"143":1,"144":3,"145":1,"149":1,"150":1,"158":1,"160":1,"161":1,"162":1,"164":1,"166":1,"258":1,"259":1,"271":1,"274":6,"275":6,"277":1,"279":2,"281":1,"283":2,"288":1,"289":1,"291":1,"296":1,"303":1,"306":1,"307":1,"310":1,"311":1,"313":1,"314":1,"315":1,"316":1,"317":1,"318":1,"319":1,"321":1,"322":1,"324":1}},"/home/travis/build/npmtest/node-npmtest-xtemplate/node_modules/xtemplate/lib/index.js":{"path":"/home/travis/build/npmtest/node-npmtest-xtemplate/node_modules/xtemplate/lib/index.js","s":{"1":1,"2":0,"3":0,"4":1,"5":1,"6":1,"7":1,"8":1,"9":0,"10":0,"11":0,"12":0,"13":0,"14":0,"15":0,"16":0,"17":0,"18":0,"19":0,"20":0,"21":1,"22":1,"23":1,"24":1,"25":1,"26":0,"27":0,"28":0,"29":0,"30":0,"31":0,"32":0,"33":0,"34":0,"35":0,"36":1},"b":{"1":[1,0],"2":[1,1],"3":[0,0],"4":[0,0,0],"5":[0,0],"6":[0,0],"7":[0,0],"8":[0,0],"9":[0,0],"10":[0,0],"11":[0,0]},"f":{"1":0,"2":0,"3":0,"4":1,"5":0,"6":0},"fnMap":{"1":{"name":"(anonymous_1)","line":3,"loc":{"start":{"line":3,"column":84},"end":{"line":3,"column":99}}},"2":{"name":"(anonymous_2)","line":3,"loc":{"start":{"line":3,"column":124},"end":{"line":3,"column":139}}},"3":{"name":"XTemplate","line":25,"loc":{"start":{"line":25,"column":0},"end":{"line":25,"column":34}}},"4":{"name":"Noop","line":44,"loc":{"start":{"line":44,"column":0},"end":{"line":44,"column":16}}},"5":{"name":"compile","line":51,"loc":{"start":{"line":51,"column":11},"end":{"line":51,"column":43}}},"6":{"name":"render","line":54,"loc":{"start":{"line":54,"column":10},"end":{"line":54,"column":51}}}},"statementMap":{"1":{"start":{"line":3,"column":0},"end":{"line":3,"column":241}},"2":{"start":{"line":3,"column":101},"end":{"line":3,"column":119}},"3":{"start":{"line":3,"column":141},"end":{"line":3,"column":238}},"4":{"start":{"line":9,"column":0},"end":{"line":9,"column":44}},"5":{"start":{"line":10,"column":0},"end":{"line":10,"column":33}},"6":{"start":{"line":11,"column":0},"end":{"line":11,"column":37}},"7":{"start":{"line":12,"column":0},"end":{"line":12,"column":32}},"8":{"start":{"line":25,"column":0},"end":{"line":42,"column":1}},"9":{"start":{"line":26,"column":2},"end":{"line":26,"column":17}},"10":{"start":{"line":27,"column":2},"end":{"line":27,"column":23}},"11":{"start":{"line":28,"column":2},"end":{"line":28,"column":72}},"12":{"start":{"line":29,"column":2},"end":{"line":32,"column":3}},"13":{"start":{"line":30,"column":4},"end":{"line":30,"column":17}},"14":{"start":{"line":31,"column":4},"end":{"line":31,"column":20}},"15":{"start":{"line":33,"column":2},"end":{"line":33,"column":68}},"16":{"start":{"line":34,"column":2},"end":{"line":40,"column":3}},"17":{"start":{"line":35,"column":4},"end":{"line":39,"column":5}},"18":{"start":{"line":36,"column":6},"end":{"line":36,"column":43}},"19":{"start":{"line":38,"column":6},"end":{"line":38,"column":30}},"20":{"start":{"line":41,"column":2},"end":{"line":41,"column":43}},"21":{"start":{"line":44,"column":0},"end":{"line":44,"column":18}},"22":{"start":{"line":46,"column":0},"end":{"line":46,"column":44}},"23":{"start":{"line":47,"column":0},"end":{"line":47,"column":33}},"24":{"start":{"line":48,"column":0},"end":{"line":48,"column":44}},"25":{"start":{"line":50,"column":0},"end":{"line":70,"column":3}},"26":{"start":{"line":52,"column":4},"end":{"line":52,"column":48}},"27":{"start":{"line":55,"column":4},"end":{"line":55,"column":29}},"28":{"start":{"line":56,"column":4},"end":{"line":58,"column":5}},"29":{"start":{"line":57,"column":6},"end":{"line":57,"column":24}},"30":{"start":{"line":59,"column":4},"end":{"line":59,"column":41}},"31":{"start":{"line":60,"column":4},"end":{"line":68,"column":5}},"32":{"start":{"line":61,"column":6},"end":{"line":65,"column":7}},"33":{"start":{"line":62,"column":8},"end":{"line":62,"column":31}},"34":{"start":{"line":64,"column":8},"end":{"line":64,"column":27}},"35":{"start":{"line":67,"column":6},"end":{"line":67,"column":70}},"36":{"start":{"line":72,"column":0},"end":{"line":101,"column":3}}},"branchMap":{"1":{"line":3,"type":"cond-expr","locations":[{"start":{"line":3,"column":84},"end":{"line":3,"column":121}},{"start":{"line":3,"column":124},"end":{"line":3,"column":240}}]},"2":{"line":3,"type":"binary-expr","locations":[{"start":{"line":3,"column":14},"end":{"line":3,"column":42}},{"start":{"line":3,"column":46},"end":{"line":3,"column":81}}]},"3":{"line":3,"type":"cond-expr","locations":[{"start":{"line":3,"column":216},"end":{"line":3,"column":224}},{"start":{"line":3,"column":227},"end":{"line":3,"column":237}}]},"4":{"line":3,"type":"binary-expr","locations":[{"start":{"line":3,"column":148},"end":{"line":3,"column":151}},{"start":{"line":3,"column":155},"end":{"line":3,"column":183}},{"start":{"line":3,"column":187},"end":{"line":3,"column":213}}]},"5":{"line":28,"type":"cond-expr","locations":[{"start":{"line":28,"column":45},"end":{"line":28,"column":56}},{"start":{"line":28,"column":59},"end":{"line":28,"column":71}}]},"6":{"line":29,"type":"if","locations":[{"start":{"line":29,"column":2},"end":{"line":29,"column":2}},{"start":{"line":29,"column":2},"end":{"line":29,"column":2}}]},"7":{"line":29,"type":"binary-expr","locations":[{"start":{"line":29,"column":6},"end":{"line":29,"column":26}},{"start":{"line":29,"column":30},"end":{"line":29,"column":52}}]},"8":{"line":34,"type":"if","locations":[{"start":{"line":34,"column":2},"end":{"line":34,"column":2}},{"start":{"line":34,"column":2},"end":{"line":34,"column":2}}]},"9":{"line":56,"type":"if","locations":[{"start":{"line":56,"column":4},"end":{"line":56,"column":4}},{"start":{"line":56,"column":4},"end":{"line":56,"column":4}}]},"10":{"line":60,"type":"if","locations":[{"start":{"line":60,"column":4},"end":{"line":60,"column":4}},{"start":{"line":60,"column":4},"end":{"line":60,"column":4}}]},"11":{"line":61,"type":"if","locations":[{"start":{"line":61,"column":6},"end":{"line":61,"column":6}},{"start":{"line":61,"column":6},"end":{"line":61,"column":6}}]}},"code":["'use strict';","","var _typeof = typeof Symbol === \"function\" && typeof Symbol.iterator === \"symbol\" ? function (obj) { return typeof obj; } : function (obj) { return obj && typeof Symbol === \"function\" && obj.constructor === Symbol ? \"symbol\" : typeof obj; };","","/**"," * simple facade for runtime and compiler"," */","","var XTemplateRuntime = require('./runtime');","var util = XTemplateRuntime.util;","var Compiler = require('./compiler');","var _compile = Compiler.compile;","","/**"," * xtemplate engine"," *"," *      @example"," *      modulex.use('xtemplate', function(XTemplate){"," *          document.writeln(new XTemplate('{{title}}').render({title:2}));"," *      });"," *"," * @class XTemplate"," * @extends XTemplate.Runtime"," */","function XTemplate(tpl_, config_) {","  var tpl = tpl_;","  var config = config_;","  var tplType = typeof tpl === 'undefined' ? 'undefined' : _typeof(tpl);","  if (tplType !== 'string' && tplType !== 'function') {","    config = tpl;","    tpl = undefined;","  }","  config = this.config = util.merge(XTemplate.globalConfig, config);","  if (tplType === 'string') {","    try {","      tpl = this.compile(tpl, config.name);","    } catch (err) {","      this.compileError = err;","    }","  }","  XTemplateRuntime.call(this, tpl, config);","}","","function Noop() {}","","Noop.prototype = XTemplateRuntime.prototype;","XTemplate.prototype = new Noop();","XTemplate.prototype.constructor = XTemplate;","","util.mix(XTemplate.prototype, {","  compile: function compile(content, name) {","    return _compile(content, name, this.config);","  },","  render: function render(data, option, callback_) {","    var callback = callback_;","    if (typeof option === 'function') {","      callback = option;","    }","    var compileError = this.compileError;","    if (compileError) {","      if (callback) {","        callback(compileError);","      } else {","        throw compileError;","      }","    } else {","      return XTemplateRuntime.prototype.render.apply(this, arguments);","    }","  }","});","","module.exports = util.mix(XTemplate, {","  globalConfig: {},","","  config: XTemplateRuntime.config,","","  compile: _compile,","","  Compiler: Compiler,","","  Scope: XTemplateRuntime.Scope,","","  Runtime: XTemplateRuntime,","","  /**","   * add command to all template","   * @method","   * @static","   * @param {String} commandName","   * @param {Function} fn","   */","  addCommand: XTemplateRuntime.addCommand,","","  /**","   * remove command from all template by name","   * @method","   * @static","   * @param {String} commandName","   */","  removeCommand: XTemplateRuntime.removeCommand","});","","/*"," It consists three modules:",""," -   xtemplate - Both compiler and runtime functionality."," -   xtemplate/compiler - Compiler string template to module functions."," -   xtemplate/runtime -  Runtime for string template( with xtemplate/compiler loaded)"," or template functions.",""," xtemplate/compiler depends on xtemplate/runtime,"," because compiler needs to know about runtime to generate corresponding codes."," */"],"l":{"3":1,"9":1,"10":1,"11":1,"12":1,"25":1,"26":0,"27":0,"28":0,"29":0,"30":0,"31":0,"33":0,"34":0,"35":0,"36":0,"38":0,"41":0,"44":1,"46":1,"47":1,"48":1,"50":1,"52":0,"55":0,"56":0,"57":0,"59":0,"60":0,"61":0,"62":0,"64":0,"67":0,"72":1}},"/home/travis/build/npmtest/node-npmtest-xtemplate/node_modules/xtemplate/lib/runtime.js":{"path":"/home/travis/build/npmtest/node-npmtest-xtemplate/node_modules/xtemplate/lib/runtime.js","s":{"1":1,"2":1,"3":1,"4":1,"5":1,"6":1,"7":0,"8":0,"9":0,"10":0,"11":0,"12":0,"13":0,"14":0,"15":0,"16":1,"17":0,"18":0,"19":0,"20":0,"21":0,"22":0,"23":0,"24":0,"25":0,"26":0,"27":0,"28":1,"29":0,"30":0,"31":0,"32":0,"33":0,"34":0,"35":0,"36":0,"37":0,"38":0,"39":0,"40":1,"41":0,"42":0,"43":0,"44":0,"45":0,"46":0,"47":0,"48":0,"49":0,"50":0,"51":0,"52":0,"53":0,"54":0,"55":0,"56":0,"57":0,"58":0,"59":0,"60":0,"61":0,"62":1,"63":0,"64":0,"65":0,"66":0,"67":0,"68":0,"69":0,"70":0,"71":0,"72":0,"73":1,"74":0,"75":0,"76":0,"77":0,"78":1,"79":0,"80":0,"81":0,"82":0,"83":0,"84":0,"85":0,"86":0,"87":1,"88":0,"89":0,"90":0,"91":0,"92":0,"93":0,"94":0,"95":0,"96":0,"97":0,"98":1,"99":0,"100":0,"101":0,"102":0,"103":0,"104":0,"105":0,"106":0,"107":0,"108":0,"109":0,"110":0,"111":0,"112":0,"113":1,"114":0,"115":0,"116":0,"117":0,"118":0,"119":1,"120":0,"121":0,"122":0,"123":0,"124":0,"125":0,"126":1,"127":0,"128":0,"129":0,"130":0,"131":0,"132":0,"133":0,"134":0,"135":0,"136":0,"137":0,"138":0,"139":0,"140":0,"141":0,"142":0,"143":0,"144":0,"145":0,"146":0,"147":0,"148":1,"149":0,"150":0,"151":0,"152":0,"153":0,"154":0,"155":0,"156":0,"157":0,"158":0,"159":0,"160":0,"161":0,"162":0,"163":1,"164":0,"165":0,"166":0,"167":0,"168":0,"169":0,"170":0,"171":1,"172":0,"173":0,"174":0,"175":0,"176":0,"177":0,"178":0,"179":0,"180":0,"181":0,"182":0,"183":0,"184":0,"185":0,"186":0,"187":0,"188":0,"189":0,"190":0,"191":0,"192":0,"193":0,"194":0,"195":0,"196":0,"197":0,"198":0,"199":0,"200":0,"201":0,"202":0,"203":0,"204":0,"205":0,"206":0,"207":0,"208":0,"209":0,"210":0,"211":0,"212":0,"213":0,"214":0,"215":0,"216":0,"217":0,"218":0,"219":0,"220":0,"221":0,"222":0,"223":0,"224":1},"b":{"1":[0,0],"2":[0,0,0,0,0],"3":[0,0],"4":[0,0],"5":[0,0],"6":[0,0],"7":[0,0],"8":[0,0],"9":[0,0],"10":[0,0],"11":[0,0],"12":[0,0],"13":[0,0],"14":[0,0],"15":[0,0],"16":[0,0],"17":[0,0],"18":[0,0],"19":[0,0],"20":[0,0],"21":[0,0],"22":[0,0],"23":[0,0],"24":[0,0],"25":[0,0],"26":[0,0],"27":[0,0],"28":[0,0],"29":[0,0],"30":[0,0],"31":[0,0],"32":[0,0],"33":[0,0],"34":[0,0],"35":[0,0],"36":[0,0],"37":[0,0],"38":[0,0],"39":[0,0],"40":[0,0],"41":[0,0],"42":[0,0],"43":[0,0],"44":[0,0],"45":[0,0],"46":[0,0,0],"47":[0,0],"48":[0,0],"49":[0,0],"50":[0,0]},"f":{"1":0,"2":0,"3":0,"4":0,"5":0,"6":0,"7":0,"8":0,"9":0,"10":0,"11":0,"12":0,"13":0,"14":0,"15":0,"16":0,"17":0,"18":0,"19":0,"20":0,"21":0,"22":0,"23":0,"24":0,"25":0,"26":0,"27":0},"fnMap":{"1":{"name":"TplWrap","line":13,"loc":{"start":{"line":13,"column":0},"end":{"line":13,"column":79}}},"2":{"name":"findCommand","line":26,"loc":{"start":{"line":26,"column":0},"end":{"line":26,"column":63}}},"3":{"name":"getSubNameFromParentName","line":44,"loc":{"start":{"line":44,"column":0},"end":{"line":44,"column":55}}},"4":{"name":"callFn","line":62,"loc":{"start":{"line":62,"column":0},"end":{"line":62,"column":58}}},"5":{"name":"callDataFn","line":97,"loc":{"start":{"line":97,"column":14},"end":{"line":97,"column":49}}},"6":{"name":"callCommand","line":111,"loc":{"start":{"line":111,"column":15},"end":{"line":111,"column":71}}},"7":{"name":"XTemplateRuntime","line":127,"loc":{"start":{"line":127,"column":0},"end":{"line":127,"column":38}}},"8":{"name":"config","line":141,"loc":{"start":{"line":141,"column":10},"end":{"line":141,"column":34}}},"9":{"name":"addCommand","line":170,"loc":{"start":{"line":170,"column":14},"end":{"line":170,"column":51}}},"10":{"name":"removeCommand","line":182,"loc":{"start":{"line":182,"column":17},"end":{"line":182,"column":53}}},"11":{"name":"resolve","line":187,"loc":{"start":{"line":187,"column":0},"end":{"line":187,"column":45}}},"12":{"name":"loadInternal","line":202,"loc":{"start":{"line":202,"column":0},"end":{"line":202,"column":91}}},"13":{"name":"(anonymous_13)","line":205,"loc":{"start":{"line":205,"column":31},"end":{"line":205,"column":56}}},"14":{"name":"includeInternal","line":226,"loc":{"start":{"line":226,"column":0},"end":{"line":226,"column":73}}},"15":{"name":"includeModuleInternal","line":234,"loc":{"start":{"line":234,"column":0},"end":{"line":234,"column":64}}},"16":{"name":"renderTpl","line":243,"loc":{"start":{"line":243,"column":0},"end":{"line":243,"column":24}}},"17":{"name":"getIncludeScope","line":273,"loc":{"start":{"line":273,"column":0},"end":{"line":273,"column":48}}},"18":{"name":"checkIncludeOnce","line":296,"loc":{"start":{"line":296,"column":0},"end":{"line":296,"column":45}}},"19":{"name":"removeCommand","line":321,"loc":{"start":{"line":321,"column":17},"end":{"line":321,"column":53}}},"20":{"name":"addCommand","line":334,"loc":{"start":{"line":334,"column":14},"end":{"line":334,"column":51}}},"21":{"name":"include","line":339,"loc":{"start":{"line":339,"column":11},"end":{"line":339,"column":56}}},"22":{"name":"includeModule","line":342,"loc":{"start":{"line":342,"column":17},"end":{"line":342,"column":68}}},"23":{"name":"includeOnce","line":345,"loc":{"start":{"line":345,"column":15},"end":{"line":345,"column":64}}},"24":{"name":"includeOnceModule","line":351,"loc":{"start":{"line":351,"column":21},"end":{"line":351,"column":76}}},"25":{"name":"render","line":362,"loc":{"start":{"line":362,"column":10},"end":{"line":362,"column":52}}},"26":{"name":"callback","line":376,"loc":{"start":{"line":376,"column":17},"end":{"line":376,"column":48}}},"27":{"name":"(anonymous_27)","line":403,"loc":{"start":{"line":403,"column":30},"end":{"line":403,"column":50}}}},"statementMap":{"1":{"start":{"line":6,"column":0},"end":{"line":6,"column":37}},"2":{"start":{"line":7,"column":0},"end":{"line":7,"column":51}},"3":{"start":{"line":8,"column":0},"end":{"line":8,"column":18}},"4":{"start":{"line":9,"column":0},"end":{"line":9,"column":39}},"5":{"start":{"line":10,"column":0},"end":{"line":10,"column":54}},"6":{"start":{"line":13,"column":0},"end":{"line":24,"column":1}},"7":{"start":{"line":14,"column":2},"end":{"line":14,"column":19}},"8":{"start":{"line":15,"column":2},"end":{"line":15,"column":43}},"9":{"start":{"line":16,"column":2},"end":{"line":16,"column":25}},"10":{"start":{"line":17,"column":2},"end":{"line":17,"column":19}},"11":{"start":{"line":19,"column":2},"end":{"line":19,"column":25}},"12":{"start":{"line":20,"column":2},"end":{"line":20,"column":21}},"13":{"start":{"line":21,"column":2},"end":{"line":21,"column":23}},"14":{"start":{"line":22,"column":2},"end":{"line":22,"column":15}},"15":{"start":{"line":23,"column":2},"end":{"line":23,"column":23}},"16":{"start":{"line":26,"column":0},"end":{"line":42,"column":1}},"17":{"start":{"line":27,"column":2},"end":{"line":27,"column":22}},"18":{"start":{"line":28,"column":2},"end":{"line":28,"column":117}},"19":{"start":{"line":29,"column":2},"end":{"line":31,"column":3}},"20":{"start":{"line":30,"column":4},"end":{"line":30,"column":15}},"21":{"start":{"line":32,"column":2},"end":{"line":40,"column":3}},"22":{"start":{"line":33,"column":4},"end":{"line":33,"column":27}},"23":{"start":{"line":34,"column":4},"end":{"line":39,"column":5}},"24":{"start":{"line":35,"column":6},"end":{"line":35,"column":26}},"25":{"start":{"line":36,"column":6},"end":{"line":38,"column":7}},"26":{"start":{"line":37,"column":8},"end":{"line":37,"column":21}},"27":{"start":{"line":41,"column":2},"end":{"line":41,"column":13}},"28":{"start":{"line":44,"column":0},"end":{"line":59,"column":1}},"29":{"start":{"line":45,"column":2},"end":{"line":45,"column":36}},"30":{"start":{"line":46,"column":2},"end":{"line":46,"column":36}},"31":{"start":{"line":47,"column":2},"end":{"line":47,"column":14}},"32":{"start":{"line":48,"column":2},"end":{"line":57,"column":3}},"33":{"start":{"line":49,"column":4},"end":{"line":49,"column":30}},"34":{"start":{"line":50,"column":4},"end":{"line":56,"column":5}},"35":{"start":{"line":51,"column":6},"end":{"line":51,"column":15}},"36":{"start":{"line":52,"column":11},"end":{"line":56,"column":5}},"37":{"start":{"line":53,"column":6},"end":{"line":53,"column":18}},"38":{"start":{"line":55,"column":6},"end":{"line":55,"column":26}},"39":{"start":{"line":58,"column":2},"end":{"line":58,"column":25}},"40":{"start":{"line":62,"column":0},"end":{"line":91,"column":1}},"41":{"start":{"line":63,"column":2},"end":{"line":63,"column":22}},"42":{"start":{"line":64,"column":2},"end":{"line":64,"column":18}},"43":{"start":{"line":65,"column":2},"end":{"line":65,"column":24}},"44":{"start":{"line":66,"column":2},"end":{"line":68,"column":3}},"45":{"start":{"line":67,"column":4},"end":{"line":67,"column":82}},"46":{"start":{"line":69,"column":2},"end":{"line":88,"column":3}},"47":{"start":{"line":70,"column":4},"end":{"line":70,"column":53}},"48":{"start":{"line":71,"column":9},"end":{"line":88,"column":3}},"49":{"start":{"line":72,"column":4},"end":{"line":72,"column":41}},"50":{"start":{"line":73,"column":4},"end":{"line":73,"column":47}},"51":{"start":{"line":74,"column":4},"end":{"line":77,"column":5}},"52":{"start":{"line":75,"column":6},"end":{"line":75,"column":123}},"53":{"start":{"line":76,"column":6},"end":{"line":76,"column":20}},"54":{"start":{"line":78,"column":4},"end":{"line":78,"column":41}},"55":{"start":{"line":79,"column":4},"end":{"line":87,"column":5}},"56":{"start":{"line":81,"column":6},"end":{"line":86,"column":7}},"57":{"start":{"line":82,"column":8},"end":{"line":82,"column":53}},"58":{"start":{"line":84,"column":8},"end":{"line":84,"column":89}},"59":{"start":{"line":85,"column":8},"end":{"line":85,"column":22}},"60":{"start":{"line":89,"column":2},"end":{"line":89,"column":56}},"61":{"start":{"line":90,"column":2},"end":{"line":90,"column":16}},"62":{"start":{"line":93,"column":0},"end":{"line":114,"column":2}},"63":{"start":{"line":98,"column":4},"end":{"line":98,"column":26}},"64":{"start":{"line":99,"column":4},"end":{"line":99,"column":20}},"65":{"start":{"line":100,"column":4},"end":{"line":108,"column":5}},"66":{"start":{"line":101,"column":6},"end":{"line":101,"column":26}},"67":{"start":{"line":102,"column":6},"end":{"line":107,"column":7}},"68":{"start":{"line":103,"column":8},"end":{"line":103,"column":20}},"69":{"start":{"line":104,"column":8},"end":{"line":104,"column":22}},"70":{"start":{"line":106,"column":8},"end":{"line":106,"column":18}},"71":{"start":{"line":109,"column":4},"end":{"line":109,"column":42}},"72":{"start":{"line":112,"column":4},"end":{"line":112,"column":53}},"73":{"start":{"line":127,"column":0},"end":{"line":132,"column":1}},"74":{"start":{"line":128,"column":2},"end":{"line":128,"column":15}},"75":{"start":{"line":129,"column":2},"end":{"line":129,"column":66}},"76":{"start":{"line":130,"column":2},"end":{"line":130,"column":32}},"77":{"start":{"line":131,"column":2},"end":{"line":131,"column":30}},"78":{"start":{"line":134,"column":0},"end":{"line":185,"column":3}},"79":{"start":{"line":142,"column":4},"end":{"line":142,"column":41}},"80":{"start":{"line":144,"column":4},"end":{"line":152,"column":5}},"81":{"start":{"line":145,"column":6},"end":{"line":149,"column":7}},"82":{"start":{"line":146,"column":8},"end":{"line":146,"column":30}},"83":{"start":{"line":148,"column":8},"end":{"line":148,"column":36}},"84":{"start":{"line":151,"column":6},"end":{"line":151,"column":26}},"85":{"start":{"line":171,"column":4},"end":{"line":171,"column":31}},"86":{"start":{"line":183,"column":4},"end":{"line":183,"column":33}},"87":{"start":{"line":187,"column":0},"end":{"line":200,"column":1}},"88":{"start":{"line":188,"column":2},"end":{"line":188,"column":25}},"89":{"start":{"line":189,"column":2},"end":{"line":191,"column":3}},"90":{"start":{"line":190,"column":4},"end":{"line":190,"column":19}},"91":{"start":{"line":192,"column":2},"end":{"line":192,"column":42}},"92":{"start":{"line":193,"column":2},"end":{"line":193,"column":50}},"93":{"start":{"line":194,"column":2},"end":{"line":194,"column":37}},"94":{"start":{"line":195,"column":2},"end":{"line":197,"column":3}},"95":{"start":{"line":196,"column":4},"end":{"line":196,"column":18}},"96":{"start":{"line":198,"column":2},"end":{"line":198,"column":82}},"97":{"start":{"line":199,"column":2},"end":{"line":199,"column":17}},"98":{"start":{"line":202,"column":0},"end":{"line":224,"column":1}},"99":{"start":{"line":203,"column":2},"end":{"line":203,"column":96}},"100":{"start":{"line":204,"column":2},"end":{"line":204,"column":19}},"101":{"start":{"line":205,"column":2},"end":{"line":223,"column":5}},"102":{"start":{"line":206,"column":4},"end":{"line":206,"column":23}},"103":{"start":{"line":207,"column":4},"end":{"line":222,"column":5}},"104":{"start":{"line":208,"column":6},"end":{"line":208,"column":21}},"105":{"start":{"line":211,"column":6},"end":{"line":211,"column":21}},"106":{"start":{"line":212,"column":11},"end":{"line":222,"column":5}},"107":{"start":{"line":213,"column":6},"end":{"line":213,"column":26}},"108":{"start":{"line":215,"column":6},"end":{"line":215,"column":26}},"109":{"start":{"line":216,"column":6},"end":{"line":220,"column":7}},"110":{"start":{"line":217,"column":8},"end":{"line":217,"column":35}},"111":{"start":{"line":219,"column":8},"end":{"line":219,"column":29}},"112":{"start":{"line":221,"column":6},"end":{"line":221,"column":19}},"113":{"start":{"line":226,"column":0},"end":{"line":232,"column":1}},"114":{"start":{"line":227,"column":2},"end":{"line":227,"column":51}},"115":{"start":{"line":228,"column":2},"end":{"line":228,"column":34}},"116":{"start":{"line":229,"column":2},"end":{"line":229,"column":28}},"117":{"start":{"line":230,"column":2},"end":{"line":230,"column":92}},"118":{"start":{"line":231,"column":2},"end":{"line":231,"column":14}},"119":{"start":{"line":234,"column":0},"end":{"line":241,"column":1}},"120":{"start":{"line":235,"column":2},"end":{"line":235,"column":34}},"121":{"start":{"line":236,"column":2},"end":{"line":236,"column":28}},"122":{"start":{"line":237,"column":2},"end":{"line":237,"column":110}},"123":{"start":{"line":238,"column":2},"end":{"line":238,"column":25}},"124":{"start":{"line":239,"column":2},"end":{"line":239,"column":20}},"125":{"start":{"line":240,"column":2},"end":{"line":240,"column":14}},"126":{"start":{"line":243,"column":0},"end":{"line":271,"column":1}},"127":{"start":{"line":244,"column":2},"end":{"line":244,"column":24}},"128":{"start":{"line":246,"column":2},"end":{"line":270,"column":3}},"129":{"start":{"line":247,"column":4},"end":{"line":247,"column":30}},"130":{"start":{"line":248,"column":4},"end":{"line":248,"column":38}},"131":{"start":{"line":249,"column":4},"end":{"line":249,"column":31}},"132":{"start":{"line":250,"column":4},"end":{"line":255,"column":5}},"133":{"start":{"line":251,"column":6},"end":{"line":251,"column":42}},"134":{"start":{"line":252,"column":6},"end":{"line":254,"column":7}},"135":{"start":{"line":253,"column":8},"end":{"line":253,"column":77}},"136":{"start":{"line":256,"column":4},"end":{"line":256,"column":42}},"137":{"start":{"line":257,"column":4},"end":{"line":257,"column":50}},"138":{"start":{"line":259,"column":4},"end":{"line":268,"column":5}},"139":{"start":{"line":260,"column":6},"end":{"line":260,"column":31}},"140":{"start":{"line":261,"column":6},"end":{"line":261,"column":37}},"141":{"start":{"line":262,"column":6},"end":{"line":262,"column":33}},"142":{"start":{"line":263,"column":6},"end":{"line":263,"column":90}},"143":{"start":{"line":264,"column":11},"end":{"line":268,"column":5}},"144":{"start":{"line":265,"column":6},"end":{"line":265,"column":31}},"145":{"start":{"line":266,"column":6},"end":{"line":266,"column":37}},"146":{"start":{"line":267,"column":6},"end":{"line":267,"column":89}},"147":{"start":{"line":269,"column":4},"end":{"line":269,"column":24}},"148":{"start":{"line":273,"column":0},"end":{"line":294,"column":1}},"149":{"start":{"line":274,"column":2},"end":{"line":274,"column":29}},"150":{"start":{"line":275,"column":2},"end":{"line":277,"column":3}},"151":{"start":{"line":276,"column":4},"end":{"line":276,"column":74}},"152":{"start":{"line":278,"column":2},"end":{"line":278,"column":23}},"153":{"start":{"line":279,"column":2},"end":{"line":279,"column":31}},"154":{"start":{"line":280,"column":2},"end":{"line":280,"column":25}},"155":{"start":{"line":281,"column":2},"end":{"line":288,"column":3}},"156":{"start":{"line":282,"column":4},"end":{"line":286,"column":5}},"157":{"start":{"line":283,"column":6},"end":{"line":283,"column":48}},"158":{"start":{"line":285,"column":6},"end":{"line":285,"column":24}},"159":{"start":{"line":287,"column":4},"end":{"line":287,"column":33}},"160":{"start":{"line":290,"column":2},"end":{"line":292,"column":3}},"161":{"start":{"line":291,"column":4},"end":{"line":291,"column":57}},"162":{"start":{"line":293,"column":2},"end":{"line":293,"column":18}},"163":{"start":{"line":296,"column":0},"end":{"line":306,"column":1}},"164":{"start":{"line":297,"column":2},"end":{"line":297,"column":38}},"165":{"start":{"line":298,"column":2},"end":{"line":298,"column":51}},"166":{"start":{"line":299,"column":2},"end":{"line":299,"column":49}},"167":{"start":{"line":301,"column":2},"end":{"line":303,"column":3}},"168":{"start":{"line":302,"column":4},"end":{"line":302,"column":17}},"169":{"start":{"line":304,"column":2},"end":{"line":304,"column":33}},"170":{"start":{"line":305,"column":2},"end":{"line":305,"column":14}},"171":{"start":{"line":308,"column":0},"end":{"line":416,"column":2}},"172":{"start":{"line":322,"column":4},"end":{"line":322,"column":29}},"173":{"start":{"line":323,"column":4},"end":{"line":325,"column":5}},"174":{"start":{"line":324,"column":6},"end":{"line":324,"column":42}},"175":{"start":{"line":335,"column":4},"end":{"line":335,"column":29}},"176":{"start":{"line":336,"column":4},"end":{"line":336,"column":44}},"177":{"start":{"line":337,"column":4},"end":{"line":337,"column":38}},"178":{"start":{"line":340,"column":4},"end":{"line":340,"column":119}},"179":{"start":{"line":343,"column":4},"end":{"line":343,"column":110}},"180":{"start":{"line":346,"column":4},"end":{"line":348,"column":5}},"181":{"start":{"line":347,"column":6},"end":{"line":347,"column":54}},"182":{"start":{"line":349,"column":4},"end":{"line":349,"column":18}},"183":{"start":{"line":352,"column":4},"end":{"line":354,"column":5}},"184":{"start":{"line":353,"column":6},"end":{"line":353,"column":60}},"185":{"start":{"line":355,"column":4},"end":{"line":355,"column":18}},"186":{"start":{"line":363,"column":4},"end":{"line":363,"column":21}},"187":{"start":{"line":365,"column":4},"end":{"line":365,"column":25}},"188":{"start":{"line":366,"column":4},"end":{"line":366,"column":29}},"189":{"start":{"line":367,"column":4},"end":{"line":367,"column":18}},"190":{"start":{"line":368,"column":4},"end":{"line":368,"column":21}},"191":{"start":{"line":369,"column":4},"end":{"line":369,"column":29}},"192":{"start":{"line":370,"column":4},"end":{"line":373,"column":5}},"193":{"start":{"line":371,"column":6},"end":{"line":371,"column":24}},"194":{"start":{"line":372,"column":6},"end":{"line":372,"column":20}},"195":{"start":{"line":374,"column":4},"end":{"line":374,"column":26}},"196":{"start":{"line":375,"column":4},"end":{"line":386,"column":5}},"197":{"start":{"line":376,"column":6},"end":{"line":385,"column":8}},"198":{"start":{"line":377,"column":8},"end":{"line":377,"column":27}},"199":{"start":{"line":378,"column":8},"end":{"line":383,"column":9}},"200":{"start":{"line":379,"column":10},"end":{"line":381,"column":11}},"201":{"start":{"line":380,"column":12},"end":{"line":380,"column":37}},"202":{"start":{"line":382,"column":10},"end":{"line":382,"column":22}},"203":{"start":{"line":384,"column":8},"end":{"line":384,"column":19}},"204":{"start":{"line":387,"column":4},"end":{"line":387,"column":32}},"205":{"start":{"line":388,"column":4},"end":{"line":390,"column":5}},"206":{"start":{"line":389,"column":6},"end":{"line":389,"column":25}},"207":{"start":{"line":391,"column":4},"end":{"line":391,"column":23}},"208":{"start":{"line":392,"column":4},"end":{"line":396,"column":5}},"209":{"start":{"line":393,"column":6},"end":{"line":393,"column":19}},"210":{"start":{"line":395,"column":6},"end":{"line":395,"column":30}},"211":{"start":{"line":397,"column":4},"end":{"line":397,"column":57}},"212":{"start":{"line":398,"column":4},"end":{"line":400,"column":38}},"213":{"start":{"line":401,"column":4},"end":{"line":401,"column":21}},"214":{"start":{"line":402,"column":4},"end":{"line":412,"column":5}},"215":{"start":{"line":403,"column":6},"end":{"line":410,"column":9}},"216":{"start":{"line":404,"column":8},"end":{"line":409,"column":9}},"217":{"start":{"line":405,"column":10},"end":{"line":405,"column":34}},"218":{"start":{"line":406,"column":10},"end":{"line":406,"column":25}},"219":{"start":{"line":407,"column":15},"end":{"line":409,"column":9}},"220":{"start":{"line":408,"column":10},"end":{"line":408,"column":28}},"221":
[...]
ew Error(e);","  }","  self.escape = escape;","  self.pos = pos;","  self.func = func;","  self.program = program;","};","","ast.BlockStatement.prototype.type = 'blockStatement';","","ast.ExpressionStatement = function ExpressionStatement(pos, expression, escape) {","  var self = this;","  self.pos = pos;","  self.value = expression;","  self.escape = escape;","};","","ast.ExpressionStatement.prototype.type = 'expressionStatement';","","ast.ContentStatement = function ContentStatement(pos, value) {","  var self = this;","  self.pos = pos;","  self.value = value || '';","};","","ast.ContentStatement.prototype.type = 'contentStatement';","","ast.UnaryExpression = function UnaryExpression(unaryType, v) {","  this.value = v;","  this.unaryType = unaryType;","};","","ast.Function = function Function(pos, id, params, hash) {","  var self = this;","  self.pos = pos;","  self.id = id;","  self.params = params;","  self.hash = hash;","};","","ast.Function.prototype.type = 'function';","","ast.UnaryExpression.prototype.type = 'unaryExpression';","","ast.MultiplicativeExpression = function MultiplicativeExpression(op1, opType, op2) {","  var self = this;","  self.op1 = op1;","  self.opType = opType;","  self.op2 = op2;","};","","ast.MultiplicativeExpression.prototype.type = 'multiplicativeExpression';","","ast.AdditiveExpression = function AdditiveExpression(op1, opType, op2) {","  var self = this;","  self.op1 = op1;","  self.opType = opType;","  self.op2 = op2;","};","","ast.AdditiveExpression.prototype.type = 'additiveExpression';","","ast.RelationalExpression = function RelationalExpression(op1, opType, op2) {","  var self = this;","  self.op1 = op1;","  self.opType = opType;","  self.op2 = op2;","};","","ast.RelationalExpression.prototype.type = 'relationalExpression';","","ast.EqualityExpression = function EqualityExpression(op1, opType, op2) {","  var self = this;","  self.op1 = op1;","  self.opType = opType;","  self.op2 = op2;","};","","ast.EqualityExpression.prototype.type = 'equalityExpression';","","ast.ConditionalAndExpression = function ConditionalAndExpression(op1, op2) {","  var self = this;","  self.op1 = op1;","  self.op2 = op2;","  self.opType = '&&';","};","","ast.ConditionalAndExpression.prototype.type = 'conditionalAndExpression';","","ast.ConditionalOrExpression = function ConditionalOrExpression(op1, op2) {","  var self = this;","  self.op1 = op1;","  self.op2 = op2;","  self.opType = '||';","};","","ast.ConditionalOrExpression.prototype.type = 'conditionalOrExpression';","","ast.ConditionalExpression = function ConditionalExpression(op1, op2, op3) {","  var self = this;","  self.op1 = op1;","  self.op2 = op2;","  self.op3 = op3;","  self.opType = '?:';","};","ast.ConditionalExpression.prototype.type = 'conditionalExpression';","","ast.String = function StringType(pos, value) {","  var self = this;","  self.pos = pos;","  self.value = value;","};","","ast.String.prototype.type = 'string';","","ast.Number = function NumberType(pos, value) {","  var self = this;","  self.pos = pos;","  self.value = value;","};","","ast.Number.prototype.type = 'number';","","ast.Hash = function Hash(pos, value) {","  var self = this;","  self.pos = pos;","  self.value = value;","};","","ast.Hash.prototype.type = 'hash';","","ast.ArrayExpression = function ArrayExpression(list) {","  this.list = list;","};","","ast.ArrayExpression.prototype.type = 'arrayExpression';","","ast.ObjectExpression = function ObjectExpression(obj) {","  this.obj = obj;","};","","ast.ObjectExpression.prototype.type = 'objectExpression';","","ast.Id = function Id(pos, raw) {","  var self = this;","  var parts = [];","  var depth = 0;","  self.pos = pos;","  for (var i = 0, l = raw.length; i < l; i++) {","    var p = raw[i];","    if (p === '..') {","      depth++;","    } else {","      parts.push(p);","    }","  }","  self.parts = parts;","  self.string = parts.join('.');","  self.depth = depth;","};","","ast.Id.prototype.type = 'id';","","module.exports = ast;"],"l":{"6":1,"8":1,"9":0,"10":0,"11":0,"12":0,"14":0,"15":0,"16":0,"19":0,"22":1,"23":0,"24":0,"25":0,"26":0,"29":1,"31":1,"32":0,"33":0,"34":0,"36":0,"37":0,"38":0,"40":0,"41":0,"42":0,"43":0,"46":1,"48":1,"49":0,"50":0,"51":0,"52":0,"55":1,"57":1,"58":0,"59":0,"60":0,"63":1,"65":1,"66":0,"67":0,"70":1,"71":0,"72":0,"73":0,"74":0,"75":0,"78":1,"80":1,"82":1,"83":0,"84":0,"85":0,"86":0,"89":1,"91":1,"92":0,"93":0,"94":0,"95":0,"98":1,"100":1,"101":0,"102":0,"103":0,"104":0,"107":1,"109":1,"110":0,"111":0,"112":0,"113":0,"116":1,"118":1,"119":0,"120":0,"121":0,"122":0,"125":1,"127":1,"128":0,"129":0,"130":0,"131":0,"134":1,"136":1,"137":0,"138":0,"139":0,"140":0,"141":0,"143":1,"145":1,"146":0,"147":0,"148":0,"151":1,"153":1,"154":0,"155":0,"156":0,"159":1,"161":1,"162":0,"163":0,"164":0,"167":1,"169":1,"170":0,"173":1,"175":1,"176":0,"179":1,"181":1,"182":0,"183":0,"184":0,"185":0,"186":0,"187":0,"188":0,"189":0,"191":0,"194":0,"195":0,"196":0,"199":1,"201":1}},"/home/travis/build/npmtest/node-npmtest-xtemplate/node_modules/xtemplate/lib/compiler/tools.js":{"path":"/home/travis/build/npmtest/node-npmtest-xtemplate/node_modules/xtemplate/lib/compiler/tools.js","s":{"1":1,"2":1,"3":1,"4":1,"5":1,"6":1,"7":0,"8":0,"9":0,"10":0,"11":0,"12":0,"13":0,"14":0,"15":1,"16":0,"17":1,"18":0,"19":0,"20":0,"21":0,"22":0,"23":0,"24":0,"25":0,"26":0,"27":0,"28":0,"29":0,"30":0,"31":0,"32":0,"33":0,"34":0,"35":0,"36":0,"37":0,"38":0,"39":0,"40":0,"41":0,"42":0,"43":0,"44":0,"45":0,"46":0,"47":0,"48":0,"49":0,"50":0,"51":0,"52":0,"53":0,"54":0,"55":0,"56":0,"57":0,"58":0,"59":0,"60":0,"61":0,"62":0,"63":0,"64":0,"65":0,"66":0,"67":0,"68":0,"69":0,"70":0,"71":0},"b":{"1":[0,0],"2":[0,0],"3":[0,0],"4":[0,0],"5":[0,0],"6":[0,0],"7":[0,0],"8":[0,0],"9":[0,0],"10":[0,0],"11":[0,0],"12":[0,0],"13":[0,0],"14":[0,0],"15":[0,0],"16":[0,0],"17":[0,0]},"f":{"1":0,"2":0,"3":0,"4":0,"5":0,"6":0,"7":0,"8":0,"9":0,"10":0,"11":0,"12":0},"fnMap":{"1":{"name":"genStackJudge","line":12,"loc":{"start":{"line":12,"column":0},"end":{"line":12,"column":36}}},"2":{"name":"accessVariable","line":25,"loc":{"start":{"line":25,"column":0},"end":{"line":25,"column":65}}},"3":{"name":"isGlobalId","line":32,"loc":{"start":{"line":32,"column":14},"end":{"line":32,"column":40}}},"4":{"name":"chainedVariableRead","line":38,"loc":{"start":{"line":38,"column":23},"end":{"line":38,"column":99}}},"5":{"name":"convertIdPartsToRawAccessor","line":57,"loc":{"start":{"line":57,"column":31},"end":{"line":57,"column":91}}},"6":{"name":"wrapByDoubleQuote","line":93,"loc":{"start":{"line":93,"column":21},"end":{"line":93,"column":53}}},"7":{"name":"wrapBySingleQuote","line":96,"loc":{"start":{"line":96,"column":21},"end":{"line":96,"column":53}}},"8":{"name":"joinArrayOfString","line":99,"loc":{"start":{"line":99,"column":21},"end":{"line":99,"column":53}}},"9":{"name":"escapeSingleQuoteInCodeString","line":102,"loc":{"start":{"line":102,"column":33},"end":{"line":102,"column":87}}},"10":{"name":"(anonymous_10)","line":103,"loc":{"start":{"line":103,"column":57},"end":{"line":103,"column":71}}},"11":{"name":"escapeString","line":112,"loc":{"start":{"line":112,"column":16},"end":{"line":112,"column":52}}},"12":{"name":"pushToArray","line":122,"loc":{"start":{"line":122,"column":15},"end":{"line":122,"column":46}}}},"statementMap":{"1":{"start":{"line":6,"column":0},"end":{"line":6,"column":24}},"2":{"start":{"line":7,"column":0},"end":{"line":7,"column":24}},"3":{"start":{"line":8,"column":0},"end":{"line":8,"column":24}},"4":{"start":{"line":9,"column":0},"end":{"line":9,"column":17}},"5":{"start":{"line":10,"column":0},"end":{"line":10,"column":68}},"6":{"start":{"line":12,"column":0},"end":{"line":23,"column":1}},"7":{"start":{"line":13,"column":2},"end":{"line":13,"column":85}},"8":{"start":{"line":14,"column":2},"end":{"line":14,"column":35}},"9":{"start":{"line":16,"column":2},"end":{"line":18,"column":3}},"10":{"start":{"line":17,"column":4},"end":{"line":17,"column":16}},"11":{"start":{"line":19,"column":2},"end":{"line":19,"column":43}},"12":{"start":{"line":20,"column":2},"end":{"line":20,"column":23}},"13":{"start":{"line":21,"column":2},"end":{"line":21,"column":29}},"14":{"start":{"line":22,"column":2},"end":{"line":22,"column":180}},"15":{"start":{"line":25,"column":0},"end":{"line":27,"column":1}},"16":{"start":{"line":26,"column":2},"end":{"line":26,"column":75}},"17":{"start":{"line":29,"column":0},"end":{"line":127,"column":2}},"18":{"start":{"line":33,"column":4},"end":{"line":35,"column":5}},"19":{"start":{"line":34,"column":6},"end":{"line":34,"column":15}},"20":{"start":{"line":36,"column":4},"end":{"line":36,"column":13}},"21":{"start":{"line":39,"column":4},"end":{"line":39,"column":72}},"22":{"start":{"line":40,"column":4},"end":{"line":40,"column":27}},"23":{"start":{"line":41,"column":4},"end":{"line":41,"column":25}},"24":{"start":{"line":42,"column":4},"end":{"line":42,"column":19}},"25":{"start":{"line":43,"column":4},"end":{"line":45,"column":5}},"26":{"start":{"line":44,"column":6},"end":{"line":44,"column":28}},"27":{"start":{"line":46,"column":4},"end":{"line":46,"column":32}},"28":{"start":{"line":47,"column":4},"end":{"line":47,"column":30}},"29":{"start":{"line":48,"column":4},"end":{"line":48,"column":157}},"30":{"start":{"line":49,"column":4},"end":{"line":53,"column":5}},"31":{"start":{"line":50,"column":6},"end":{"line":50,"column":259}},"32":{"start":{"line":52,"column":6},"end":{"line":52,"column":76}},"33":{"start":{"line":54,"column":4},"end":{"line":54,"column":18}},"34":{"start":{"line":55,"column":4},"end":{"line":55,"column":24}},"35":{"start":{"line":58,"column":4},"end":{"line":58,"column":19}},"36":{"start":{"line":59,"column":4},"end":{"line":59,"column":19}},"37":{"start":{"line":60,"column":4},"end":{"line":60,"column":24}},"38":{"start":{"line":61,"column":4},"end":{"line":61,"column":28}},"39":{"start":{"line":62,"column":4},"end":{"line":62,"column":32}},"40":{"start":{"line":63,"column":4},"end":{"line":63,"column":19}},"41":{"start":{"line":64,"column":4},"end":{"line":64,"column":17}},"42":{"start":{"line":65,"column":4},"end":{"line":65,"column":21}},"43":{"start":{"line":66,"column":4},"end":{"line":82,"column":5}},"44":{"start":{"line":67,"column":6},"end":{"line":67,"column":26}},"45":{"start":{"line":68,"column":6},"end":{"line":68,"column":31}},"46":{"start":{"line":69,"column":6},"end":{"line":81,"column":7}},"47":{"start":{"line":70,"column":8},"end":{"line":70,"column":50}},"48":{"start":{"line":71,"column":8},"end":{"line":71,"column":57}},"49":{"start":{"line":72,"column":8},"end":{"line":74,"column":9}},"50":{"start":{"line":73,"column":10},"end":{"line":73,"column":22}},"51":{"start":{"line":75,"column":8},"end":{"line":75,"column":51}},"52":{"start":{"line":76,"column":8},"end":{"line":76,"column":39}},"53":{"start":{"line":79,"column":8},"end":{"line":79,"column":31}},"54":{"start":{"line":80,"column":8},"end":{"line":80,"column":52}},"55":{"start":{"line":86,"column":4},"end":{"line":91,"column":6}},"56":{"start":{"line":94,"column":4},"end":{"line":94,"column":27}},"57":{"start":{"line":97,"column":4},"end":{"line":97,"column":29}},"58":{"start":{"line":100,"column":4},"end":{"line":100,"column":52}},"59":{"start":{"line":103,"column":4},"end":{"line":110,"column":7}},"60":{"start":{"line":104,"column":6},"end":{"line":104,"column":17}},"61":{"start":{"line":106,"column":6},"end":{"line":108,"column":7}},"62":{"start":{"line":107,"column":8},"end":{"line":107,"column":21}},"63":{"start":{"line":109,"column":6},"end":{"line":109,"column":15}},"64":{"start":{"line":113,"column":4},"end":{"line":113,"column":19}},"65":{"start":{"line":114,"column":4},"end":{"line":118,"column":5}},"66":{"start":{"line":115,"column":6},"end":{"line":115,"column":56}},"67":{"start":{"line":117,"column":6},"end":{"line":117,"column":60}},"68":{"start":{"line":119,"column":4},"end":{"line":119,"column":80}},"69":{"start":{"line":120,"column":4},"end":{"line":120,"column":15}},"70":{"start":{"line":123,"column":4},"end":{"line":125,"column":5}},"71":{"start":{"line":124,"column":6},"end":{"line":124,"column":32}}},"branchMap":{"1":{"line":13,"type":"cond-expr","locations":[{"start":{"line":13,"column":68},"end":{"line":13,"column":69}},{"start":{"line":13,"column":72},"end":{"line":13,"column":84}}]},"2":{"line":13,"type":"binary-expr","locations":[{"start":{"line":13,"column":14},"end":{"line":13,"column":35}},{"start":{"line":13,"column":39},"end":{"line":13,"column":65}}]},"3":{"line":16,"type":"if","locations":[{"start":{"line":16,"column":2},"end":{"line":16,"column":2}},{"start":{"line":16,"column":2},"end":{"line":16,"column":2}}]},"4":{"line":19,"type":"binary-expr","locations":[{"start":{"line":19,"column":21},"end":{"line":19,"column":34}},{"start":{"line":19,"column":38},"end":{"line":19,"column":42}}]},"5":{"line":26,"type":"cond-expr","locations":[{"start":{"line":26,"column":17},"end":{"line":26,"column":59}},{"start":{"line":26,"column":62},"end":{"line":26,"column":74}}]},"6":{"line":33,"type":"if","locations":[{"start":{"line":33,"column":4},"end":{"line":33,"column":4}},{"start":{"line":33,"column":4},"end":{"line":33,"column":4}}]},"7":{"line":43,"type":"if","locations":[{"start":{"line":43,"column":4},"end":{"line":43,"column":4}},{"start":{"line":43,"column":4},"end":{"line":43,"column":4}}]},"8":{"line":48,"type":"cond-expr","locations":[{"start":{"line":48,"column":91},"end":{"line":48,"column":142}},{"start":{"line":48,"column":145},"end":{"line":48,"column":148}}]},"9":{"line":49,"type":"if","locations":[{"start":{"line":49,"column":4},"end":{"line":49,"column":4}},{"start":{"line":49,"column":4},"end":{"line":49,"column":4}}]},"10":{"line":50,"type":"cond-expr","locations":[{"start":{"line":50,"column":99},"end":{"line":50,"column":149}},{"start":{"line":50,"column":152},"end":{"line":50,"column":155}}]},"11":{"line":50,"type":"cond-expr","locations":[{"start":{"line":50,"column":173},"end":{"line":50,"column":213}},{"start":{"line":50,"column":216},"end":{"line":50,"column":251}}]},"12":{"line":69,"type":"if","locations":[{"start":{"line":69,"column":6},"end":{"line":69,"column":6}},{"start":{"line":69,"column":6},"end":{"line":69,"column":6}}]},"13":{"line":72,"type":"if","locations":[{"start":{"line":72,"column":8},"end":{"line":72,"column":8}},{"start":{"line":72,"column":8},"end":{"line":72,"column":8}}]},"14":{"line":103,"type":"cond-expr","locations":[{"start":{"line":103,"column":34},"end":{"line":103,"column":43}},{"start":{"line":103,"column":46},"end":{"line":103,"column":55}}]},"15":{"line":106,"type":"if","locations":[{"start":{"line":106,"column":6},"end":{"line":106,"column":6}},{"start":{"line":106,"column":6},"end":{"line":106,"column":6}}]},"16":{"line":114,"type":"if","locations":[{"start":{"line":114,"column":4},"end":{"line":114,"column":4}},{"start":{"line":114,"column":4},"end":{"line":114,"column":4}}]},"17":{"line":123,"type":"if","locations":[{"start":{"line":123,"column":4},"end":{"line":123,"column":4}},{"start":{"line":123,"column":4},"end":{"line":123,"column":4}}]}},"code":["'use strict';","","/**"," * compiler tools"," */","var doubleReg = /\\\\*\"/g;","var singleReg = /\\\\*'/g;","var arrayPush = [].push;","var globals = {};","globals.undefined = globals.null = globals.true = globals.false = 1;","","function genStackJudge(parts, data) {","  var count = arguments.length <= 2 || arguments[2] === undefined ? 0 : arguments[2];","  var lastVariable_ = arguments[3];","","  if (!parts.length) {","    return data;","  }","  var lastVariable = lastVariable_ || data;","  var part0 = parts[0];","  var variable = 't' + count;","  return ['(' + data + ' != null ? ', genStackJudge(parts.slice(1), '(' + variable + ' = ' + (lastVariable + part0) + ')', count + 1, variable), ' : ', lastVariable, ')'].join('');","}","","function accessVariable(loose, parts, topVariable, fullVariable) {","  return loose ? genStackJudge(parts.slice(1), topVariable) : fullVariable;","}","","var tools = module.exports = {","  genStackJudge: genStackJudge,","","  isGlobalId: function isGlobalId(node) {","    if (globals[node.string]) {","      return 1;","    }","    return 0;","  },","  chainedVariableRead: function chainedVariableRead(self, source, idParts, root, resolveUp, loose) {","    var strs = tools.convertIdPartsToRawAccessor(self, source, idParts);","    var parts = strs.parts;","    var part0 = parts[0];","    var scope = '';","    if (root) {","      scope = 'scope.root.';","    }","    var affix = scope + 'affix';","    var data = scope + 'data';","    var ret = ['(', '(t=(' + (affix + part0) + ')) !== undefined ? ', idParts.length > 1 ? accessVariable(loose, parts, 't', affix + strs.str) : 't', ' : '];","    if (resolveUp) {","      ret = ret.concat(['(', '(t = ' + (data + part0) + ') !== undefined ? ', idParts.length > 1 ? accessVariable(loose, parts, 't', data + strs.str) : 't', '  : ', loose ? 'scope.resolveLooseUp(' + strs.arr + ')' : 'scope.resolveUp(' + strs.arr + ')', ')']);","    } else {","      ret.push(accessVariable(loose, parts, data + part0, data + strs.str));","    }","    ret.push(')');","    return ret.join('');","  },","  convertIdPartsToRawAccessor: function convertIdPartsToRawAccessor(self, source, idParts) {","    var i = void 0;","    var l = void 0;","    var idPart = void 0;","    var idPartType = void 0;","    var nextIdNameCode = void 0;","    var parts = [];","    var ret = [];","    var funcRet = '';","    for (i = 0, l = idParts.length; i < l; i++) {","      idPart = idParts[i];","      idPartType = idPart.type;","      if (idPartType) {","        nextIdNameCode = self[idPartType](idPart);","        tools.pushToArray(source, nextIdNameCode.source);","        if (idPartType === 'function') {","          funcRet = 1;","        }","        ret.push('[ ' + nextIdNameCode.exp + ' ]');","        parts.push(nextIdNameCode.exp);","      } else {","        // literal a.x","        ret.push('.' + idPart);","        parts.push(tools.wrapByDoubleQuote(idPart));","      }","    }","    // y().z() =>","    // var a = y();","    // a['z']","    return {","      str: ret.join(''),","      arr: '[' + parts.join(',') + ']',","      parts: ret, funcRet: funcRet,","      resolvedParts: parts","    };","  },","  wrapByDoubleQuote: function wrapByDoubleQuote(str) {","    return '\"' + str + '\"';","  },","  wrapBySingleQuote: function wrapBySingleQuote(str) {","    return '\\'' + str + '\\'';","  },","  joinArrayOfString: function joinArrayOfString(arr) {","    return tools.wrapByDoubleQuote(arr.join('\",\"'));","  },","  escapeSingleQuoteInCodeString: function escapeSingleQuoteInCodeString(str, isDouble) {","    return str.replace(isDouble ? doubleReg : singleReg, function (m_) {","      var m = m_;","      // \\ 's number ，用户显式转过 \"\\'\" , \"\\\\\\'\" 就不处理了，否则手动对 ` 加 \\ 转义","      if (m.length % 2) {","        m = '\\\\' + m;","      }","      return m;","    });","  },","  escapeString: function escapeString(str_, isCode) {","    var str = str_;","    if (isCode) {","      str = tools.escapeSingleQuoteInCodeString(str, 0);","    } else {","      str = str.replace(/\\\\/g, '\\\\\\\\').replace(/'/g, \"\\\\'\");","    }","    str = str.replace(/\\r/g, '\\\\r').replace(/\\n/g, '\\\\n').replace(/\\t/g, '\\\\t');","    return str;","  },","  pushToArray: function pushToArray(to, from) {","    if (from) {","      arrayPush.apply(to, from);","    }","  }","};"],"l":{"6":1,"7":1,"8":1,"9":1,"10":1,"12":1,"13":0,"14":0,"16":0,"17":0,"19":0,"20":0,"21":0,"22":0,"25":1,"26":0,"29":1,"33":0,"34":0,"36":0,"39":0,"40":0,"41":0,"42":0,"43":0,"44":0,"46":0,"47":0,"48":0,"49":0,"50":0,"52":0,"54":0,"55":0,"58":0,"59":0,"60":0,"61":0,"62":0,"63":0,"64":0,"65":0,"66":0,"67":0,"68":0,"69":0,"70":0,"71":0,"72":0,"73":0,"75":0,"76":0,"79":0,"80":0,"86":0,"94":0,"97":0,"100":0,"103":0,"104":0,"106":0,"107":0,"109":0,"113":0,"114":0,"115":0,"117":0,"119":0,"120":0,"123":0,"124":0}}}